{"/home/zishan/assessment/apps/api/src/controllers/actionItem.controller.js": {"path":"/home/zishan/assessment/apps/api/src/controllers/actionItem.controller.js","statementMap":{"0":{"start":{"line":5,"column":22},"end":{"line":9,"column":2}},"1":{"start":{"line":6,"column":15},"end":{"line":6,"column":102}},"2":{"start":{"line":7,"column":2},"end":{"line":7,"column":85}},"3":{"start":{"line":8,"column":2},"end":{"line":8,"column":33}},"4":{"start":{"line":11,"column":20},"end":{"line":14,"column":2}},"5":{"start":{"line":12,"column":16},"end":{"line":12,"column":90}},"6":{"start":{"line":13,"column":2},"end":{"line":13,"column":22}},"7":{"start":{"line":16,"column":23},"end":{"line":19,"column":2}},"8":{"start":{"line":17,"column":15},"end":{"line":17,"column":99}},"9":{"start":{"line":18,"column":2},"end":{"line":18,"column":21}},"10":{"start":{"line":21,"column":22},"end":{"line":25,"column":2}},"11":{"start":{"line":22,"column":15},"end":{"line":22,"column":121}},"12":{"start":{"line":23,"column":2},"end":{"line":23,"column":85}},"13":{"start":{"line":24,"column":2},"end":{"line":24,"column":21}},"14":{"start":{"line":27,"column":22},"end":{"line":31,"column":2}},"15":{"start":{"line":28,"column":2},"end":{"line":28,"column":99}},"16":{"start":{"line":29,"column":2},"end":{"line":29,"column":98}},"17":{"start":{"line":30,"column":2},"end":{"line":30,"column":25}}},"fnMap":{"0":{"name":"(anonymous_0)","decl":{"start":{"line":5,"column":35},"end":{"line":5,"column":36}},"loc":{"start":{"line":5,"column":55},"end":{"line":9,"column":1}},"line":5},"1":{"name":"(anonymous_1)","decl":{"start":{"line":11,"column":33},"end":{"line":11,"column":34}},"loc":{"start":{"line":11,"column":53},"end":{"line":14,"column":1}},"line":11},"2":{"name":"(anonymous_2)","decl":{"start":{"line":16,"column":36},"end":{"line":16,"column":37}},"loc":{"start":{"line":16,"column":56},"end":{"line":19,"column":1}},"line":16},"3":{"name":"(anonymous_3)","decl":{"start":{"line":21,"column":35},"end":{"line":21,"column":36}},"loc":{"start":{"line":21,"column":55},"end":{"line":25,"column":1}},"line":21},"4":{"name":"(anonymous_4)","decl":{"start":{"line":27,"column":35},"end":{"line":27,"column":36}},"loc":{"start":{"line":27,"column":55},"end":{"line":31,"column":1}},"line":27}},"branchMap":{},"s":{"0":0,"1":0,"2":0,"3":0,"4":0,"5":0,"6":0,"7":0,"8":0,"9":0,"10":0,"11":0,"12":0,"13":0,"14":0,"15":0,"16":0,"17":0},"f":{"0":0,"1":0,"2":0,"3":0,"4":0},"b":{},"inputSourceMap":null}
,"/home/zishan/assessment/apps/api/src/controllers/analytics.controller.js": {"path":"/home/zishan/assessment/apps/api/src/controllers/analytics.controller.js","statementMap":{"0":{"start":{"line":4,"column":26},"end":{"line":7,"column":2}},"1":{"start":{"line":5,"column":17},"end":{"line":5,"column":74}},"2":{"start":{"line":6,"column":2},"end":{"line":6,"column":19}},"3":{"start":{"line":9,"column":28},"end":{"line":21,"column":2}},"4":{"start":{"line":10,"column":53},"end":{"line":14,"column":4}},"5":{"start":{"line":16,"column":2},"end":{"line":20,"column":5}},"6":{"start":{"line":23,"column":25},"end":{"line":56,"column":2}},"7":{"start":{"line":24,"column":36},"end":{"line":24,"column":96}},"8":{"start":{"line":26,"column":19},"end":{"line":30,"column":3}},"9":{"start":{"line":27,"column":4},"end":{"line":27,"column":53}},"10":{"start":{"line":27,"column":43},"end":{"line":27,"column":53}},"11":{"start":{"line":28,"column":16},"end":{"line":28,"column":27}},"12":{"start":{"line":29,"column":4},"end":{"line":29,"column":67}},"13":{"start":{"line":32,"column":12},"end":{"line":32,"column":29}},"14":{"start":{"line":33,"column":2},"end":{"line":33,"column":65}},"15":{"start":{"line":34,"column":2},"end":{"line":39,"column":5}},"16":{"start":{"line":35,"column":24},"end":{"line":37,"column":12}},"17":{"start":{"line":36,"column":51},"end":{"line":36,"column":67}},"18":{"start":{"line":38,"column":4},"end":{"line":38,"column":173}},"19":{"start":{"line":41,"column":2},"end":{"line":41,"column":36}},"20":{"start":{"line":42,"column":2},"end":{"line":42,"column":58}},"21":{"start":{"line":43,"column":2},"end":{"line":45,"column":5}},"22":{"start":{"line":44,"column":4},"end":{"line":44,"column":218}},"23":{"start":{"line":47,"column":2},"end":{"line":47,"column":31}},"24":{"start":{"line":48,"column":2},"end":{"line":48,"column":39}},"25":{"start":{"line":49,"column":2},"end":{"line":51,"column":5}},"26":{"start":{"line":50,"column":4},"end":{"line":50,"column":116}},"27":{"start":{"line":53,"column":2},"end":{"line":53,"column":44}},"28":{"start":{"line":54,"column":2},"end":{"line":54,"column":110}},"29":{"start":{"line":55,"column":2},"end":{"line":55,"column":16}}},"fnMap":{"0":{"name":"(anonymous_0)","decl":{"start":{"line":4,"column":39},"end":{"line":4,"column":40}},"loc":{"start":{"line":4,"column":59},"end":{"line":7,"column":1}},"line":4},"1":{"name":"(anonymous_1)","decl":{"start":{"line":9,"column":41},"end":{"line":9,"column":42}},"loc":{"start":{"line":9,"column":61},"end":{"line":21,"column":1}},"line":9},"2":{"name":"(anonymous_2)","decl":{"start":{"line":23,"column":38},"end":{"line":23,"column":39}},"loc":{"start":{"line":23,"column":58},"end":{"line":56,"column":1}},"line":23},"3":{"name":"(anonymous_3)","decl":{"start":{"line":26,"column":19},"end":{"line":26,"column":20}},"loc":{"start":{"line":26,"column":28},"end":{"line":30,"column":3}},"line":26},"4":{"name":"(anonymous_4)","decl":{"start":{"line":34,"column":16},"end":{"line":34,"column":17}},"loc":{"start":{"line":34,"column":21},"end":{"line":39,"column":3}},"line":34},"5":{"name":"(anonymous_5)","decl":{"start":{"line":36,"column":39},"end":{"line":36,"column":40}},"loc":{"start":{"line":36,"column":51},"end":{"line":36,"column":67}},"line":36},"6":{"name":"(anonymous_6)","decl":{"start":{"line":43,"column":16},"end":{"line":43,"column":17}},"loc":{"start":{"line":43,"column":21},"end":{"line":45,"column":3}},"line":43},"7":{"name":"(anonymous_7)","decl":{"start":{"line":49,"column":18},"end":{"line":49,"column":19}},"loc":{"start":{"line":49,"column":23},"end":{"line":51,"column":3}},"line":49}},"branchMap":{"0":{"loc":{"start":{"line":27,"column":4},"end":{"line":27,"column":53}},"type":"if","locations":[{"start":{"line":27,"column":4},"end":{"line":27,"column":53}},{"start":{},"end":{}}],"line":27},"1":{"loc":{"start":{"line":27,"column":8},"end":{"line":27,"column":41}},"type":"binary-expr","locations":[{"start":{"line":27,"column":8},"end":{"line":27,"column":20}},{"start":{"line":27,"column":24},"end":{"line":27,"column":41}}],"line":27},"2":{"loc":{"start":{"line":29,"column":11},"end":{"line":29,"column":66}},"type":"cond-expr","locations":[{"start":{"line":29,"column":51},"end":{"line":29,"column":60}},{"start":{"line":29,"column":63},"end":{"line":29,"column":66}}],"line":29},"3":{"loc":{"start":{"line":35,"column":24},"end":{"line":37,"column":12}},"type":"cond-expr","locations":[{"start":{"line":36,"column":8},"end":{"line":36,"column":100}},{"start":{"line":37,"column":8},"end":{"line":37,"column":12}}],"line":35},"4":{"loc":{"start":{"line":38,"column":87},"end":{"line":38,"column":130}},"type":"cond-expr","locations":[{"start":{"line":38,"column":99},"end":{"line":38,"column":122}},{"start":{"line":38,"column":125},"end":{"line":38,"column":130}}],"line":38},"5":{"loc":{"start":{"line":44,"column":93},"end":{"line":44,"column":125}},"type":"binary-expr","locations":[{"start":{"line":44,"column":93},"end":{"line":44,"column":109}},{"start":{"line":44,"column":113},"end":{"line":44,"column":125}}],"line":44},"6":{"loc":{"start":{"line":44,"column":141},"end":{"line":44,"column":164}},"type":"binary-expr","locations":[{"start":{"line":44,"column":141},"end":{"line":44,"column":154}},{"start":{"line":44,"column":158},"end":{"line":44,"column":164}}],"line":44},"7":{"loc":{"start":{"line":44,"column":170},"end":{"line":44,"column":213}},"type":"cond-expr","locations":[{"start":{"line":44,"column":182},"end":{"line":44,"column":205}},{"start":{"line":44,"column":208},"end":{"line":44,"column":213}}],"line":44}},"s":{"0":0,"1":0,"2":0,"3":0,"4":0,"5":0,"6":0,"7":0,"8":0,"9":0,"10":0,"11":0,"12":0,"13":0,"14":0,"15":0,"16":0,"17":0,"18":0,"19":0,"20":0,"21":0,"22":0,"23":0,"24":0,"25":0,"26":0,"27":0,"28":0,"29":0},"f":{"0":0,"1":0,"2":0,"3":0,"4":0,"5":0,"6":0,"7":0},"b":{"0":[0,0],"1":[0,0],"2":[0,0],"3":[0,0],"4":[0,0],"5":[0,0],"6":[0,0],"7":[0,0]},"inputSourceMap":null}
,"/home/zishan/assessment/apps/api/src/controllers/announcement.controller.js": {"path":"/home/zishan/assessment/apps/api/src/controllers/announcement.controller.js","statementMap":{"0":{"start":{"line":5,"column":22},"end":{"line":9,"column":2}},"1":{"start":{"line":6,"column":23},"end":{"line":6,"column":114}},"2":{"start":{"line":7,"column":2},"end":{"line":7,"column":95}},"3":{"start":{"line":8,"column":2},"end":{"line":8,"column":41}},"4":{"start":{"line":11,"column":20},"end":{"line":14,"column":2}},"5":{"start":{"line":12,"column":24},"end":{"line":12,"column":91}},"6":{"start":{"line":13,"column":2},"end":{"line":13,"column":30}},"7":{"start":{"line":16,"column":23},"end":{"line":19,"column":2}},"8":{"start":{"line":17,"column":23},"end":{"line":17,"column":107}},"9":{"start":{"line":18,"column":2},"end":{"line":18,"column":29}},"10":{"start":{"line":21,"column":22},"end":{"line":25,"column":2}},"11":{"start":{"line":22,"column":23},"end":{"line":22,"column":129}},"12":{"start":{"line":23,"column":2},"end":{"line":23,"column":95}},"13":{"start":{"line":24,"column":2},"end":{"line":24,"column":29}},"14":{"start":{"line":27,"column":22},"end":{"line":31,"column":2}},"15":{"start":{"line":28,"column":2},"end":{"line":28,"column":99}},"16":{"start":{"line":29,"column":2},"end":{"line":29,"column":96}},"17":{"start":{"line":30,"column":2},"end":{"line":30,"column":25}},"18":{"start":{"line":33,"column":29},"end":{"line":37,"column":2}},"19":{"start":{"line":34,"column":18},"end":{"line":34,"column":119}},"20":{"start":{"line":35,"column":2},"end":{"line":35,"column":120}},"21":{"start":{"line":36,"column":2},"end":{"line":36,"column":36}},"22":{"start":{"line":39,"column":30},"end":{"line":43,"column":2}},"23":{"start":{"line":40,"column":17},"end":{"line":40,"column":119}},"24":{"start":{"line":41,"column":2},"end":{"line":41,"column":123}},"25":{"start":{"line":42,"column":2},"end":{"line":42,"column":19}}},"fnMap":{"0":{"name":"(anonymous_0)","decl":{"start":{"line":5,"column":35},"end":{"line":5,"column":36}},"loc":{"start":{"line":5,"column":55},"end":{"line":9,"column":1}},"line":5},"1":{"name":"(anonymous_1)","decl":{"start":{"line":11,"column":33},"end":{"line":11,"column":34}},"loc":{"start":{"line":11,"column":53},"end":{"line":14,"column":1}},"line":11},"2":{"name":"(anonymous_2)","decl":{"start":{"line":16,"column":36},"end":{"line":16,"column":37}},"loc":{"start":{"line":16,"column":56},"end":{"line":19,"column":1}},"line":16},"3":{"name":"(anonymous_3)","decl":{"start":{"line":21,"column":35},"end":{"line":21,"column":36}},"loc":{"start":{"line":21,"column":55},"end":{"line":25,"column":1}},"line":21},"4":{"name":"(anonymous_4)","decl":{"start":{"line":27,"column":35},"end":{"line":27,"column":36}},"loc":{"start":{"line":27,"column":55},"end":{"line":31,"column":1}},"line":27},"5":{"name":"(anonymous_5)","decl":{"start":{"line":33,"column":42},"end":{"line":33,"column":43}},"loc":{"start":{"line":33,"column":62},"end":{"line":37,"column":1}},"line":33},"6":{"name":"(anonymous_6)","decl":{"start":{"line":39,"column":43},"end":{"line":39,"column":44}},"loc":{"start":{"line":39,"column":63},"end":{"line":43,"column":1}},"line":39}},"branchMap":{},"s":{"0":0,"1":0,"2":0,"3":0,"4":0,"5":0,"6":0,"7":0,"8":0,"9":0,"10":0,"11":0,"12":0,"13":0,"14":0,"15":0,"16":0,"17":0,"18":0,"19":0,"20":0,"21":0,"22":0,"23":0,"24":0,"25":0},"f":{"0":0,"1":0,"2":0,"3":0,"4":0,"5":0,"6":0},"b":{},"inputSourceMap":null}
,"/home/zishan/assessment/apps/api/src/controllers/audit.controller.js": {"path":"/home/zishan/assessment/apps/api/src/controllers/audit.controller.js","statementMap":{"0":{"start":{"line":4,"column":20},"end":{"line":7,"column":2}},"1":{"start":{"line":5,"column":17},"end":{"line":5,"column":84}},"2":{"start":{"line":6,"column":2},"end":{"line":6,"column":19}},"3":{"start":{"line":9,"column":25},"end":{"line":14,"column":2}},"4":{"start":{"line":10,"column":14},"end":{"line":10,"column":86}},"5":{"start":{"line":11,"column":2},"end":{"line":11,"column":44}},"6":{"start":{"line":12,"column":2},"end":{"line":12,"column":79}},"7":{"start":{"line":13,"column":2},"end":{"line":13,"column":16}}},"fnMap":{"0":{"name":"(anonymous_0)","decl":{"start":{"line":4,"column":33},"end":{"line":4,"column":34}},"loc":{"start":{"line":4,"column":53},"end":{"line":7,"column":1}},"line":4},"1":{"name":"(anonymous_1)","decl":{"start":{"line":9,"column":38},"end":{"line":9,"column":39}},"loc":{"start":{"line":9,"column":58},"end":{"line":14,"column":1}},"line":9}},"branchMap":{},"s":{"0":0,"1":0,"2":0,"3":0,"4":0,"5":0,"6":0,"7":0},"f":{"0":0,"1":0},"b":{},"inputSourceMap":null}
,"/home/zishan/assessment/apps/api/src/controllers/auth.controller.js": {"path":"/home/zishan/assessment/apps/api/src/controllers/auth.controller.js","statementMap":{"0":{"start":{"line":5,"column":22},"end":{"line":5,"column":59}},"1":{"start":{"line":6,"column":25},"end":{"line":6,"column":55}},"2":{"start":{"line":8,"column":30},"end":{"line":14,"column":1}},"3":{"start":{"line":16,"column":31},"end":{"line":22,"column":1}},"4":{"start":{"line":24,"column":21},"end":{"line":27,"column":1}},"5":{"start":{"line":25,"column":2},"end":{"line":25,"column":75}},"6":{"start":{"line":26,"column":2},"end":{"line":26,"column":77}},"7":{"start":{"line":29,"column":24},"end":{"line":35,"column":2}},"8":{"start":{"line":30,"column":17},"end":{"line":30,"column":53}},"9":{"start":{"line":31,"column":2},"end":{"line":31,"column":72}},"10":{"start":{"line":32,"column":2},"end":{"line":32,"column":75}},"11":{"start":{"line":33,"column":2},"end":{"line":33,"column":39}},"12":{"start":{"line":34,"column":2},"end":{"line":34,"column":46}},"13":{"start":{"line":37,"column":21},"end":{"line":43,"column":2}},"14":{"start":{"line":38,"column":17},"end":{"line":38,"column":50}},"15":{"start":{"line":39,"column":2},"end":{"line":39,"column":72}},"16":{"start":{"line":40,"column":2},"end":{"line":40,"column":75}},"17":{"start":{"line":41,"column":2},"end":{"line":41,"column":39}},"18":{"start":{"line":42,"column":2},"end":{"line":42,"column":46}},"19":{"start":{"line":45,"column":23},"end":{"line":60,"column":2}},"20":{"start":{"line":46,"column":23},"end":{"line":46,"column":48}},"21":{"start":{"line":47,"column":2},"end":{"line":59,"column":3}},"22":{"start":{"line":48,"column":19},"end":{"line":48,"column":58}},"23":{"start":{"line":49,"column":4},"end":{"line":49,"column":74}},"24":{"start":{"line":50,"column":4},"end":{"line":50,"column":77}},"25":{"start":{"line":51,"column":4},"end":{"line":51,"column":41}},"26":{"start":{"line":52,"column":4},"end":{"line":52,"column":48}},"27":{"start":{"line":54,"column":4},"end":{"line":57,"column":5}},"28":{"start":{"line":55,"column":6},"end":{"line":55,"column":24}},"29":{"start":{"line":56,"column":6},"end":{"line":56,"column":27}},"30":{"start":{"line":58,"column":4},"end":{"line":58,"column":14}},"31":{"start":{"line":62,"column":22},"end":{"line":67,"column":2}},"32":{"start":{"line":63,"column":2},"end":{"line":63,"column":40}},"33":{"start":{"line":64,"column":2},"end":{"line":64,"column":20}},"34":{"start":{"line":65,"column":2},"end":{"line":65,"column":23}},"35":{"start":{"line":66,"column":2},"end":{"line":66,"column":63}},"36":{"start":{"line":69,"column":18},"end":{"line":72,"column":2}},"37":{"start":{"line":70,"column":17},"end":{"line":70,"column":53}},"38":{"start":{"line":71,"column":2},"end":{"line":71,"column":31}}},"fnMap":{"0":{"name":"(anonymous_0)","decl":{"start":{"line":24,"column":21},"end":{"line":24,"column":22}},"loc":{"start":{"line":24,"column":30},"end":{"line":27,"column":1}},"line":24},"1":{"name":"(anonymous_1)","decl":{"start":{"line":29,"column":37},"end":{"line":29,"column":38}},"loc":{"start":{"line":29,"column":57},"end":{"line":35,"column":1}},"line":29},"2":{"name":"(anonymous_2)","decl":{"start":{"line":37,"column":34},"end":{"line":37,"column":35}},"loc":{"start":{"line":37,"column":54},"end":{"line":43,"column":1}},"line":37},"3":{"name":"(anonymous_3)","decl":{"start":{"line":45,"column":36},"end":{"line":45,"column":37}},"loc":{"start":{"line":45,"column":56},"end":{"line":60,"column":1}},"line":45},"4":{"name":"(anonymous_4)","decl":{"start":{"line":62,"column":35},"end":{"line":62,"column":36}},"loc":{"start":{"line":62,"column":55},"end":{"line":67,"column":1}},"line":62},"5":{"name":"(anonymous_5)","decl":{"start":{"line":69,"column":31},"end":{"line":69,"column":32}},"loc":{"start":{"line":69,"column":51},"end":{"line":72,"column":1}},"line":69}},"branchMap":{"0":{"loc":{"start":{"line":6,"column":25},"end":{"line":6,"column":55}},"type":"cond-expr","locations":[{"start":{"line":6,"column":41},"end":{"line":6,"column":47}},{"start":{"line":6,"column":50},"end":{"line":6,"column":55}}],"line":6},"1":{"loc":{"start":{"line":54,"column":4},"end":{"line":57,"column":5}},"type":"if","locations":[{"start":{"line":54,"column":4},"end":{"line":57,"column":5}},{"start":{},"end":{}}],"line":54},"2":{"loc":{"start":{"line":54,"column":8},"end":{"line":54,"column":56}},"type":"binary-expr","locations":[{"start":{"line":54,"column":8},"end":{"line":54,"column":30}},{"start":{"line":54,"column":34},"end":{"line":54,"column":56}}],"line":54}},"s":{"0":0,"1":0,"2":0,"3":0,"4":0,"5":0,"6":0,"7":0,"8":0,"9":0,"10":0,"11":0,"12":0,"13":0,"14":0,"15":0,"16":0,"17":0,"18":0,"19":0,"20":0,"21":0,"22":0,"23":0,"24":0,"25":0,"26":0,"27":0,"28":0,"29":0,"30":0,"31":0,"32":0,"33":0,"34":0,"35":0,"36":0,"37":0,"38":0},"f":{"0":0,"1":0,"2":0,"3":0,"4":0,"5":0},"b":{"0":[0,0],"1":[0,0],"2":[0,0]},"inputSourceMap":null}
,"/home/zishan/assessment/apps/api/src/controllers/goal.controller.js": {"path":"/home/zishan/assessment/apps/api/src/controllers/goal.controller.js","statementMap":{"0":{"start":{"line":5,"column":22},"end":{"line":9,"column":2}},"1":{"start":{"line":6,"column":15},"end":{"line":6,"column":90}},"2":{"start":{"line":7,"column":2},"end":{"line":7,"column":79}},"3":{"start":{"line":8,"column":2},"end":{"line":8,"column":33}},"4":{"start":{"line":11,"column":20},"end":{"line":14,"column":2}},"5":{"start":{"line":12,"column":16},"end":{"line":12,"column":67}},"6":{"start":{"line":13,"column":2},"end":{"line":13,"column":22}},"7":{"start":{"line":16,"column":23},"end":{"line":19,"column":2}},"8":{"start":{"line":17,"column":15},"end":{"line":17,"column":87}},"9":{"start":{"line":18,"column":2},"end":{"line":18,"column":21}},"10":{"start":{"line":21,"column":22},"end":{"line":25,"column":2}},"11":{"start":{"line":22,"column":15},"end":{"line":22,"column":109}},"12":{"start":{"line":23,"column":2},"end":{"line":23,"column":79}},"13":{"start":{"line":24,"column":2},"end":{"line":24,"column":21}},"14":{"start":{"line":27,"column":22},"end":{"line":31,"column":2}},"15":{"start":{"line":28,"column":2},"end":{"line":28,"column":87}},"16":{"start":{"line":29,"column":2},"end":{"line":29,"column":92}},"17":{"start":{"line":30,"column":2},"end":{"line":30,"column":25}},"18":{"start":{"line":33,"column":31},"end":{"line":37,"column":2}},"19":{"start":{"line":34,"column":20},"end":{"line":34,"column":119}},"20":{"start":{"line":35,"column":2},"end":{"line":35,"column":120}},"21":{"start":{"line":36,"column":2},"end":{"line":36,"column":38}},"22":{"start":{"line":39,"column":31},"end":{"line":43,"column":2}},"23":{"start":{"line":40,"column":20},"end":{"line":40,"column":124}},"24":{"start":{"line":41,"column":2},"end":{"line":41,"column":130}},"25":{"start":{"line":42,"column":2},"end":{"line":42,"column":26}},"26":{"start":{"line":45,"column":31},"end":{"line":49,"column":2}},"27":{"start":{"line":46,"column":2},"end":{"line":46,"column":97}},"28":{"start":{"line":47,"column":2},"end":{"line":47,"column":119}},"29":{"start":{"line":48,"column":2},"end":{"line":48,"column":25}},"30":{"start":{"line":51,"column":30},"end":{"line":55,"column":2}},"31":{"start":{"line":52,"column":19},"end":{"line":52,"column":117}},"32":{"start":{"line":53,"column":2},"end":{"line":53,"column":118}},"33":{"start":{"line":54,"column":2},"end":{"line":54,"column":37}}},"fnMap":{"0":{"name":"(anonymous_0)","decl":{"start":{"line":5,"column":35},"end":{"line":5,"column":36}},"loc":{"start":{"line":5,"column":55},"end":{"line":9,"column":1}},"line":5},"1":{"name":"(anonymous_1)","decl":{"start":{"line":11,"column":33},"end":{"line":11,"column":34}},"loc":{"start":{"line":11,"column":53},"end":{"line":14,"column":1}},"line":11},"2":{"name":"(anonymous_2)","decl":{"start":{"line":16,"column":36},"end":{"line":16,"column":37}},"loc":{"start":{"line":16,"column":56},"end":{"line":19,"column":1}},"line":16},"3":{"name":"(anonymous_3)","decl":{"start":{"line":21,"column":35},"end":{"line":21,"column":36}},"loc":{"start":{"line":21,"column":55},"end":{"line":25,"column":1}},"line":21},"4":{"name":"(anonymous_4)","decl":{"start":{"line":27,"column":35},"end":{"line":27,"column":36}},"loc":{"start":{"line":27,"column":55},"end":{"line":31,"column":1}},"line":27},"5":{"name":"(anonymous_5)","decl":{"start":{"line":33,"column":44},"end":{"line":33,"column":45}},"loc":{"start":{"line":33,"column":64},"end":{"line":37,"column":1}},"line":33},"6":{"name":"(anonymous_6)","decl":{"start":{"line":39,"column":44},"end":{"line":39,"column":45}},"loc":{"start":{"line":39,"column":64},"end":{"line":43,"column":1}},"line":39},"7":{"name":"(anonymous_7)","decl":{"start":{"line":45,"column":44},"end":{"line":45,"column":45}},"loc":{"start":{"line":45,"column":64},"end":{"line":49,"column":1}},"line":45},"8":{"name":"(anonymous_8)","decl":{"start":{"line":51,"column":43},"end":{"line":51,"column":44}},"loc":{"start":{"line":51,"column":63},"end":{"line":55,"column":1}},"line":51}},"branchMap":{},"s":{"0":0,"1":0,"2":0,"3":0,"4":0,"5":0,"6":0,"7":0,"8":0,"9":0,"10":0,"11":0,"12":0,"13":0,"14":0,"15":0,"16":0,"17":0,"18":0,"19":0,"20":0,"21":0,"22":0,"23":0,"24":0,"25":0,"26":0,"27":0,"28":0,"29":0,"30":0,"31":0,"32":0,"33":0},"f":{"0":0,"1":0,"2":0,"3":0,"4":0,"5":0,"6":0,"7":0,"8":0},"b":{},"inputSourceMap":null}
,"/home/zishan/assessment/apps/api/src/controllers/notification.controller.js": {"path":"/home/zishan/assessment/apps/api/src/controllers/notification.controller.js","statementMap":{"0":{"start":{"line":4,"column":20},"end":{"line":7,"column":2}},"1":{"start":{"line":5,"column":17},"end":{"line":5,"column":76}},"2":{"start":{"line":6,"column":2},"end":{"line":6,"column":19}},"3":{"start":{"line":9,"column":24},"end":{"line":12,"column":2}},"4":{"start":{"line":10,"column":23},"end":{"line":10,"column":87}},"5":{"start":{"line":11,"column":2},"end":{"line":11,"column":29}},"6":{"start":{"line":14,"column":27},"end":{"line":17,"column":2}},"7":{"start":{"line":15,"column":2},"end":{"line":15,"column":55}},"8":{"start":{"line":16,"column":2},"end":{"line":16,"column":25}}},"fnMap":{"0":{"name":"(anonymous_0)","decl":{"start":{"line":4,"column":33},"end":{"line":4,"column":34}},"loc":{"start":{"line":4,"column":53},"end":{"line":7,"column":1}},"line":4},"1":{"name":"(anonymous_1)","decl":{"start":{"line":9,"column":37},"end":{"line":9,"column":38}},"loc":{"start":{"line":9,"column":57},"end":{"line":12,"column":1}},"line":9},"2":{"name":"(anonymous_2)","decl":{"start":{"line":14,"column":40},"end":{"line":14,"column":41}},"loc":{"start":{"line":14,"column":60},"end":{"line":17,"column":1}},"line":14}},"branchMap":{},"s":{"0":0,"1":0,"2":0,"3":0,"4":0,"5":0,"6":0,"7":0,"8":0},"f":{"0":0,"1":0,"2":0},"b":{},"inputSourceMap":null}
,"/home/zishan/assessment/apps/api/src/controllers/upload.controller.js": {"path":"/home/zishan/assessment/apps/api/src/controllers/upload.controller.js","statementMap":{"0":{"start":{"line":5,"column":28},"end":{"line":9,"column":2}},"1":{"start":{"line":6,"column":2},"end":{"line":6,"column":59}},"2":{"start":{"line":6,"column":17},"end":{"line":6,"column":59}},"3":{"start":{"line":7,"column":20},"end":{"line":7,"column":86}},"4":{"start":{"line":8,"column":2},"end":{"line":8,"column":26}},"5":{"start":{"line":11,"column":36},"end":{"line":16,"column":2}},"6":{"start":{"line":12,"column":26},"end":{"line":12,"column":36}},"7":{"start":{"line":13,"column":2},"end":{"line":13,"column":59}},"8":{"start":{"line":13,"column":17},"end":{"line":13,"column":59}},"9":{"start":{"line":14,"column":19},"end":{"line":14,"column":102}},"10":{"start":{"line":15,"column":2},"end":{"line":15,"column":25}}},"fnMap":{"0":{"name":"(anonymous_0)","decl":{"start":{"line":5,"column":41},"end":{"line":5,"column":42}},"loc":{"start":{"line":5,"column":61},"end":{"line":9,"column":1}},"line":5},"1":{"name":"(anonymous_1)","decl":{"start":{"line":11,"column":49},"end":{"line":11,"column":50}},"loc":{"start":{"line":11,"column":69},"end":{"line":16,"column":1}},"line":11}},"branchMap":{"0":{"loc":{"start":{"line":6,"column":2},"end":{"line":6,"column":59}},"type":"if","locations":[{"start":{"line":6,"column":2},"end":{"line":6,"column":59}},{"start":{},"end":{}}],"line":6},"1":{"loc":{"start":{"line":13,"column":2},"end":{"line":13,"column":59}},"type":"if","locations":[{"start":{"line":13,"column":2},"end":{"line":13,"column":59}},{"start":{},"end":{}}],"line":13}},"s":{"0":0,"1":0,"2":0,"3":0,"4":0,"5":0,"6":0,"7":0,"8":0,"9":0,"10":0},"f":{"0":0,"1":0},"b":{"0":[0,0],"1":[0,0]},"inputSourceMap":null}
,"/home/zishan/assessment/apps/api/src/controllers/workspace.controller.js": {"path":"/home/zishan/assessment/apps/api/src/controllers/workspace.controller.js","statementMap":{"0":{"start":{"line":4,"column":22},"end":{"line":7,"column":2}},"1":{"start":{"line":5,"column":20},"end":{"line":5,"column":81}},"2":{"start":{"line":6,"column":2},"end":{"line":6,"column":38}},"3":{"start":{"line":9,"column":20},"end":{"line":12,"column":2}},"4":{"start":{"line":10,"column":21},"end":{"line":10,"column":75}},"5":{"start":{"line":11,"column":2},"end":{"line":11,"column":27}},"6":{"start":{"line":14,"column":23},"end":{"line":17,"column":2}},"7":{"start":{"line":15,"column":20},"end":{"line":15,"column":83}},"8":{"start":{"line":16,"column":2},"end":{"line":16,"column":26}},"9":{"start":{"line":19,"column":22},"end":{"line":22,"column":2}},"10":{"start":{"line":20,"column":20},"end":{"line":20,"column":105}},"11":{"start":{"line":21,"column":2},"end":{"line":21,"column":26}},"12":{"start":{"line":24,"column":22},"end":{"line":27,"column":2}},"13":{"start":{"line":25,"column":2},"end":{"line":25,"column":78}},"14":{"start":{"line":26,"column":2},"end":{"line":26,"column":25}},"15":{"start":{"line":29,"column":22},"end":{"line":32,"column":2}},"16":{"start":{"line":30,"column":21},"end":{"line":30,"column":103}},"17":{"start":{"line":31,"column":2},"end":{"line":31,"column":39}},"18":{"start":{"line":34,"column":26},"end":{"line":37,"column":2}},"19":{"start":{"line":35,"column":21},"end":{"line":35,"column":128}},"20":{"start":{"line":36,"column":2},"end":{"line":36,"column":27}},"21":{"start":{"line":39,"column":28},"end":{"line":42,"column":2}},"22":{"start":{"line":40,"column":2},"end":{"line":40,"column":96}},"23":{"start":{"line":41,"column":2},"end":{"line":41,"column":25}}},"fnMap":{"0":{"name":"(anonymous_0)","decl":{"start":{"line":4,"column":35},"end":{"line":4,"column":36}},"loc":{"start":{"line":4,"column":55},"end":{"line":7,"column":1}},"line":4},"1":{"name":"(anonymous_1)","decl":{"start":{"line":9,"column":33},"end":{"line":9,"column":34}},"loc":{"start":{"line":9,"column":53},"end":{"line":12,"column":1}},"line":9},"2":{"name":"(anonymous_2)","decl":{"start":{"line":14,"column":36},"end":{"line":14,"column":37}},"loc":{"start":{"line":14,"column":56},"end":{"line":17,"column":1}},"line":14},"3":{"name":"(anonymous_3)","decl":{"start":{"line":19,"column":35},"end":{"line":19,"column":36}},"loc":{"start":{"line":19,"column":55},"end":{"line":22,"column":1}},"line":19},"4":{"name":"(anonymous_4)","decl":{"start":{"line":24,"column":35},"end":{"line":24,"column":36}},"loc":{"start":{"line":24,"column":55},"end":{"line":27,"column":1}},"line":24},"5":{"name":"(anonymous_5)","decl":{"start":{"line":29,"column":35},"end":{"line":29,"column":36}},"loc":{"start":{"line":29,"column":55},"end":{"line":32,"column":1}},"line":29},"6":{"name":"(anonymous_6)","decl":{"start":{"line":34,"column":39},"end":{"line":34,"column":40}},"loc":{"start":{"line":34,"column":59},"end":{"line":37,"column":1}},"line":34},"7":{"name":"(anonymous_7)","decl":{"start":{"line":39,"column":41},"end":{"line":39,"column":42}},"loc":{"start":{"line":39,"column":61},"end":{"line":42,"column":1}},"line":39}},"branchMap":{},"s":{"0":0,"1":0,"2":0,"3":0,"4":0,"5":0,"6":0,"7":0,"8":0,"9":0,"10":0,"11":0,"12":0,"13":0,"14":0,"15":0,"16":0,"17":0,"18":0,"19":0,"20":0,"21":0,"22":0,"23":0},"f":{"0":0,"1":0,"2":0,"3":0,"4":0,"5":0,"6":0,"7":0},"b":{},"inputSourceMap":null}
,"/home/zishan/assessment/apps/api/src/routes/actionItem.routes.js": {"path":"/home/zishan/assessment/apps/api/src/routes/actionItem.routes.js","statementMap":{"0":{"start":{"line":8,"column":15},"end":{"line":8,"column":52}},"1":{"start":{"line":10,"column":0},"end":{"line":10,"column":48}},"2":{"start":{"line":12,"column":0},"end":{"line":12,"column":80}},"3":{"start":{"line":13,"column":0},"end":{"line":13,"column":43}},"4":{"start":{"line":14,"column":0},"end":{"line":14,"column":53}},"5":{"start":{"line":15,"column":0},"end":{"line":15,"column":86}},"6":{"start":{"line":16,"column":0},"end":{"line":16,"column":77}}},"fnMap":{},"branchMap":{},"s":{"0":0,"1":0,"2":0,"3":0,"4":0,"5":0,"6":0},"f":{},"b":{},"inputSourceMap":null}
,"/home/zishan/assessment/apps/api/src/routes/analytics.routes.js": {"path":"/home/zishan/assessment/apps/api/src/routes/analytics.routes.js","statementMap":{"0":{"start":{"line":6,"column":15},"end":{"line":6,"column":52}},"1":{"start":{"line":8,"column":0},"end":{"line":8,"column":48}},"2":{"start":{"line":10,"column":0},"end":{"line":10,"column":55}},"3":{"start":{"line":11,"column":0},"end":{"line":11,"column":56}},"4":{"start":{"line":12,"column":0},"end":{"line":12,"column":53}}},"fnMap":{},"branchMap":{},"s":{"0":0,"1":0,"2":0,"3":0,"4":0},"f":{},"b":{},"inputSourceMap":null}
,"/home/zishan/assessment/apps/api/src/routes/announcement.routes.js": {"path":"/home/zishan/assessment/apps/api/src/routes/announcement.routes.js","statementMap":{"0":{"start":{"line":11,"column":15},"end":{"line":11,"column":52}},"1":{"start":{"line":13,"column":0},"end":{"line":13,"column":48}},"2":{"start":{"line":15,"column":0},"end":{"line":15,"column":106}},"3":{"start":{"line":16,"column":0},"end":{"line":16,"column":45}},"4":{"start":{"line":17,"column":0},"end":{"line":17,"column":51}},"5":{"start":{"line":18,"column":0},"end":{"line":18,"column":108}},"6":{"start":{"line":19,"column":0},"end":{"line":19,"column":75}},"7":{"start":{"line":21,"column":0},"end":{"line":21,"column":98}},"8":{"start":{"line":22,"column":0},"end":{"line":22,"column":101}}},"fnMap":{},"branchMap":{},"s":{"0":0,"1":0,"2":0,"3":0,"4":0,"5":0,"6":0,"7":0,"8":0},"f":{},"b":{},"inputSourceMap":null}
,"/home/zishan/assessment/apps/api/src/routes/audit.routes.js": {"path":"/home/zishan/assessment/apps/api/src/routes/audit.routes.js","statementMap":{"0":{"start":{"line":6,"column":15},"end":{"line":6,"column":52}},"1":{"start":{"line":8,"column":0},"end":{"line":8,"column":48}},"2":{"start":{"line":10,"column":0},"end":{"line":10,"column":38}},"3":{"start":{"line":11,"column":0},"end":{"line":11,"column":49}}},"fnMap":{},"branchMap":{},"s":{"0":0,"1":0,"2":0,"3":0},"f":{},"b":{},"inputSourceMap":null}
,"/home/zishan/assessment/apps/api/src/routes/auth.routes.js": {"path":"/home/zishan/assessment/apps/api/src/routes/auth.routes.js","statementMap":{"0":{"start":{"line":8,"column":15},"end":{"line":8,"column":31}},"1":{"start":{"line":10,"column":0},"end":{"line":10,"column":76}},"2":{"start":{"line":11,"column":0},"end":{"line":11,"column":67}},"3":{"start":{"line":12,"column":0},"end":{"line":12,"column":61}},"4":{"start":{"line":13,"column":0},"end":{"line":13,"column":72}},"5":{"start":{"line":14,"column":0},"end":{"line":14,"column":50}}},"fnMap":{},"branchMap":{},"s":{"0":0,"1":0,"2":0,"3":0,"4":0,"5":0},"f":{},"b":{},"inputSourceMap":null}
,"/home/zishan/assessment/apps/api/src/routes/goal.routes.js": {"path":"/home/zishan/assessment/apps/api/src/routes/goal.routes.js","statementMap":{"0":{"start":{"line":12,"column":15},"end":{"line":12,"column":52}},"1":{"start":{"line":14,"column":0},"end":{"line":14,"column":48}},"2":{"start":{"line":16,"column":0},"end":{"line":16,"column":68}},"3":{"start":{"line":17,"column":0},"end":{"line":17,"column":37}},"4":{"start":{"line":18,"column":0},"end":{"line":18,"column":47}},"5":{"start":{"line":19,"column":0},"end":{"line":19,"column":74}},"6":{"start":{"line":20,"column":0},"end":{"line":20,"column":71}},"7":{"start":{"line":22,"column":0},"end":{"line":22,"column":100}},"8":{"start":{"line":23,"column":0},"end":{"line":23,"column":112}},"9":{"start":{"line":24,"column":0},"end":{"line":24,"column":104}},"10":{"start":{"line":26,"column":0},"end":{"line":26,"column":98}}},"fnMap":{},"branchMap":{},"s":{"0":0,"1":0,"2":0,"3":0,"4":0,"5":0,"6":0,"7":0,"8":0,"9":0,"10":0},"f":{},"b":{},"inputSourceMap":null}
,"/home/zishan/assessment/apps/api/src/routes/notification.routes.js": {"path":"/home/zishan/assessment/apps/api/src/routes/notification.routes.js","statementMap":{"0":{"start":{"line":5,"column":15},"end":{"line":5,"column":31}},"1":{"start":{"line":7,"column":0},"end":{"line":7,"column":24}},"2":{"start":{"line":9,"column":0},"end":{"line":9,"column":45}},"3":{"start":{"line":10,"column":0},"end":{"line":10,"column":57}},"4":{"start":{"line":11,"column":0},"end":{"line":11,"column":61}}},"fnMap":{},"branchMap":{},"s":{"0":0,"1":0,"2":0,"3":0,"4":0},"f":{},"b":{},"inputSourceMap":null}
,"/home/zishan/assessment/apps/api/src/routes/upload.routes.js": {"path":"/home/zishan/assessment/apps/api/src/routes/upload.routes.js","statementMap":{"0":{"start":{"line":7,"column":15},"end":{"line":7,"column":23}},"1":{"start":{"line":9,"column":15},"end":{"line":21,"column":2}},"2":{"start":{"line":15,"column":4},"end":{"line":19,"column":5}},"3":{"start":{"line":16,"column":6},"end":{"line":16,"column":21}},"4":{"start":{"line":18,"column":6},"end":{"line":18,"column":59}},"5":{"start":{"line":23,"column":30},"end":{"line":43,"column":1}},"6":{"start":{"line":24,"column":2},"end":{"line":24,"column":31}},"7":{"start":{"line":24,"column":17},"end":{"line":24,"column":31}},"8":{"start":{"line":26,"column":17},"end":{"line":26,"column":32}},"9":{"start":{"line":27,"column":2},"end":{"line":29,"column":3}},"10":{"start":{"line":28,"column":4},"end":{"line":28,"column":56}},"11":{"start":{"line":32,"column":17},"end":{"line":32,"column":59}},"12":{"start":{"line":33,"column":17},"end":{"line":33,"column":44}},"13":{"start":{"line":34,"column":16},"end":{"line":34,"column":37}},"14":{"start":{"line":35,"column":16},"end":{"line":35,"column":37}},"15":{"start":{"line":36,"column":17},"end":{"line":36,"column":58}},"16":{"start":{"line":38,"column":2},"end":{"line":42,"column":3}},"17":{"start":{"line":39,"column":4},"end":{"line":39,"column":11}},"18":{"start":{"line":41,"column":4},"end":{"line":41,"column":78}},"19":{"start":{"line":45,"column":0},"end":{"line":45,"column":24}},"20":{"start":{"line":47,"column":0},"end":{"line":47,"column":101}},"21":{"start":{"line":48,"column":0},"end":{"line":48,"column":131}}},"fnMap":{"0":{"name":"(anonymous_0)","decl":{"start":{"line":14,"column":14},"end":{"line":14,"column":15}},"loc":{"start":{"line":14,"column":33},"end":{"line":20,"column":3}},"line":14},"1":{"name":"(anonymous_1)","decl":{"start":{"line":23,"column":30},"end":{"line":23,"column":31}},"loc":{"start":{"line":23,"column":50},"end":{"line":43,"column":1}},"line":23}},"branchMap":{"0":{"loc":{"start":{"line":15,"column":4},"end":{"line":19,"column":5}},"type":"if","locations":[{"start":{"line":15,"column":4},"end":{"line":19,"column":5}},{"start":{"line":17,"column":11},"end":{"line":19,"column":5}}],"line":15},"1":{"loc":{"start":{"line":24,"column":2},"end":{"line":24,"column":31}},"type":"if","locations":[{"start":{"line":24,"column":2},"end":{"line":24,"column":31}},{"start":{},"end":{}}],"line":24},"2":{"loc":{"start":{"line":27,"column":2},"end":{"line":29,"column":3}},"type":"if","locations":[{"start":{"line":27,"column":2},"end":{"line":29,"column":3}},{"start":{},"end":{}}],"line":27},"3":{"loc":{"start":{"line":27,"column":6},"end":{"line":27,"column":34}},"type":"binary-expr","locations":[{"start":{"line":27,"column":6},"end":{"line":27,"column":13}},{"start":{"line":27,"column":17},"end":{"line":27,"column":34}}],"line":27},"4":{"loc":{"start":{"line":38,"column":2},"end":{"line":42,"column":3}},"type":"if","locations":[{"start":{"line":38,"column":2},"end":{"line":42,"column":3}},{"start":{"line":40,"column":9},"end":{"line":42,"column":3}}],"line":38},"5":{"loc":{"start":{"line":38,"column":6},"end":{"line":38,"column":40}},"type":"binary-expr","locations":[{"start":{"line":38,"column":6},"end":{"line":38,"column":12}},{"start":{"line":38,"column":16},"end":{"line":38,"column":21}},{"start":{"line":38,"column":25},"end":{"line":38,"column":30}},{"start":{"line":38,"column":34},"end":{"line":38,"column":40}}],"line":38}},"s":{"0":0,"1":0,"2":0,"3":0,"4":0,"5":0,"6":0,"7":0,"8":0,"9":0,"10":0,"11":0,"12":0,"13":0,"14":0,"15":0,"16":0,"17":0,"18":0,"19":0,"20":0,"21":0},"f":{"0":0,"1":0},"b":{"0":[0,0],"1":[0,0],"2":[0,0],"3":[0,0],"4":[0,0],"5":[0,0,0,0]},"inputSourceMap":null}
,"/home/zishan/assessment/apps/api/src/routes/workspace.routes.js": {"path":"/home/zishan/assessment/apps/api/src/routes/workspace.routes.js","statementMap":{"0":{"start":{"line":13,"column":15},"end":{"line":13,"column":31}},"1":{"start":{"line":15,"column":0},"end":{"line":15,"column":24}},"2":{"start":{"line":17,"column":0},"end":{"line":17,"column":78}},"3":{"start":{"line":18,"column":0},"end":{"line":18,"column":42}},"4":{"start":{"line":20,"column":0},"end":{"line":20,"column":81}},"5":{"start":{"line":21,"column":0},"end":{"line":21,"column":135}},"6":{"start":{"line":22,"column":0},"end":{"line":22,"column":105}},"7":{"start":{"line":24,"column":0},"end":{"line":24,"column":155}},"8":{"start":{"line":25,"column":0},"end":{"line":25,"column":163}},"9":{"start":{"line":26,"column":0},"end":{"line":26,"column":129}}},"fnMap":{},"branchMap":{},"s":{"0":0,"1":0,"2":0,"3":0,"4":0,"5":0,"6":0,"7":0,"8":0,"9":0},"f":{},"b":{},"inputSourceMap":null}
,"/home/zishan/assessment/apps/api/src/services/actionItem.service.js": {"path":"/home/zishan/assessment/apps/api/src/services/actionItem.service.js","statementMap":{"0":{"start":{"line":5,"column":32},"end":{"line":29,"column":1}},"1":{"start":{"line":6,"column":15},"end":{"line":21,"column":4}},"2":{"start":{"line":23,"column":2},"end":{"line":26,"column":5}},"3":{"start":{"line":28,"column":2},"end":{"line":28,"column":14}},"4":{"start":{"line":31,"column":31},"end":{"line":50,"column":1}},"5":{"start":{"line":32,"column":71},"end":{"line":32,"column":78}},"6":{"start":{"line":34,"column":16},"end":{"line":34,"column":31}},"7":{"start":{"line":35,"column":2},"end":{"line":35,"column":36}},"8":{"start":{"line":35,"column":14},"end":{"line":35,"column":36}},"9":{"start":{"line":36,"column":2},"end":{"line":36,"column":48}},"10":{"start":{"line":36,"column":18},"end":{"line":36,"column":48}},"11":{"start":{"line":37,"column":2},"end":{"line":37,"column":42}},"12":{"start":{"line":37,"column":16},"end":{"line":37,"column":42}},"13":{"start":{"line":38,"column":2},"end":{"line":38,"column":36}},"14":{"start":{"line":38,"column":14},"end":{"line":38,"column":36}},"15":{"start":{"line":40,"column":18},"end":{"line":40,"column":115}},"16":{"start":{"line":42,"column":2},"end":{"line":49,"column":5}},"17":{"start":{"line":52,"column":33},"end":{"line":62,"column":1}},"18":{"start":{"line":53,"column":15},"end":{"line":59,"column":4}},"19":{"start":{"line":60,"column":2},"end":{"line":60,"column":57}},"20":{"start":{"line":60,"column":13},"end":{"line":60,"column":57}},"21":{"start":{"line":61,"column":2},"end":{"line":61,"column":14}},"22":{"start":{"line":64,"column":32},"end":{"line":88,"column":1}},"23":{"start":{"line":65,"column":15},"end":{"line":80,"column":4}},"24":{"start":{"line":82,"column":2},"end":{"line":85,"column":5}},"25":{"start":{"line":87,"column":2},"end":{"line":87,"column":14}},"26":{"start":{"line":90,"column":32},"end":{"line":97,"column":1}},"27":{"start":{"line":91,"column":2},"end":{"line":91,"column":60}},"28":{"start":{"line":93,"column":2},"end":{"line":96,"column":5}}},"fnMap":{"0":{"name":"(anonymous_0)","decl":{"start":{"line":5,"column":32},"end":{"line":5,"column":33}},"loc":{"start":{"line":5,"column":69},"end":{"line":29,"column":1}},"line":5},"1":{"name":"(anonymous_1)","decl":{"start":{"line":31,"column":31},"end":{"line":31,"column":32}},"loc":{"start":{"line":31,"column":68},"end":{"line":50,"column":1}},"line":31},"2":{"name":"(anonymous_2)","decl":{"start":{"line":52,"column":33},"end":{"line":52,"column":34}},"loc":{"start":{"line":52,"column":64},"end":{"line":62,"column":1}},"line":52},"3":{"name":"(anonymous_3)","decl":{"start":{"line":64,"column":32},"end":{"line":64,"column":33}},"loc":{"start":{"line":64,"column":77},"end":{"line":88,"column":1}},"line":64},"4":{"name":"(anonymous_4)","decl":{"start":{"line":90,"column":32},"end":{"line":90,"column":33}},"loc":{"start":{"line":90,"column":71},"end":{"line":97,"column":1}},"line":90}},"branchMap":{"0":{"loc":{"start":{"line":10,"column":14},"end":{"line":10,"column":35}},"type":"binary-expr","locations":[{"start":{"line":10,"column":14},"end":{"line":10,"column":25}},{"start":{"line":10,"column":29},"end":{"line":10,"column":35}}],"line":10},"1":{"loc":{"start":{"line":11,"column":16},"end":{"line":11,"column":41}},"type":"binary-expr","locations":[{"start":{"line":11,"column":16},"end":{"line":11,"column":29}},{"start":{"line":11,"column":33},"end":{"line":11,"column":41}}],"line":11},"2":{"loc":{"start":{"line":12,"column":15},"end":{"line":12,"column":59}},"type":"cond-expr","locations":[{"start":{"line":12,"column":30},"end":{"line":12,"column":52}},{"start":{"line":12,"column":55},"end":{"line":12,"column":59}}],"line":12},"3":{"loc":{"start":{"line":31,"column":51},"end":{"line":31,"column":63}},"type":"default-arg","locations":[{"start":{"line":31,"column":61},"end":{"line":31,"column":63}}],"line":31},"4":{"loc":{"start":{"line":32,"column":48},"end":{"line":32,"column":66}},"type":"default-arg","locations":[{"start":{"line":32,"column":55},"end":{"line":32,"column":66}}],"line":32},"5":{"loc":{"start":{"line":35,"column":2},"end":{"line":35,"column":36}},"type":"if","locations":[{"start":{"line":35,"column":2},"end":{"line":35,"column":36}},{"start":{},"end":{}}],"line":35},"6":{"loc":{"start":{"line":36,"column":2},"end":{"line":36,"column":48}},"type":"if","locations":[{"start":{"line":36,"column":2},"end":{"line":36,"column":48}},{"start":{},"end":{}}],"line":36},"7":{"loc":{"start":{"line":37,"column":2},"end":{"line":37,"column":42}},"type":"if","locations":[{"start":{"line":37,"column":2},"end":{"line":37,"column":42}},{"start":{},"end":{}}],"line":37},"8":{"loc":{"start":{"line":38,"column":2},"end":{"line":38,"column":36}},"type":"if","locations":[{"start":{"line":38,"column":2},"end":{"line":38,"column":36}},{"start":{},"end":{}}],"line":38},"9":{"loc":{"start":{"line":48,"column":13},"end":{"line":48,"column":51}},"type":"binary-expr","locations":[{"start":{"line":48,"column":13},"end":{"line":48,"column":26}},{"start":{"line":48,"column":30},"end":{"line":48,"column":51}}],"line":48},"10":{"loc":{"start":{"line":60,"column":2},"end":{"line":60,"column":57}},"type":"if","locations":[{"start":{"line":60,"column":2},"end":{"line":60,"column":57}},{"start":{},"end":{}}],"line":60},"11":{"loc":{"start":{"line":72,"column":15},"end":{"line":72,"column":59}},"type":"cond-expr","locations":[{"start":{"line":72,"column":30},"end":{"line":72,"column":52}},{"start":{"line":72,"column":55},"end":{"line":72,"column":59}}],"line":72}},"s":{"0":1,"1":11,"2":11,"3":11,"4":1,"5":4,"6":4,"7":4,"8":1,"9":4,"10":0,"11":4,"12":1,"13":4,"14":0,"15":4,"16":4,"17":1,"18":2,"19":2,"20":1,"21":1,"22":1,"23":2,"24":2,"25":2,"26":1,"27":1,"28":1},"f":{"0":11,"1":4,"2":2,"3":2,"4":1},"b":{"0":[11,9],"1":[11,8],"2":[4,7],"3":[0],"4":[2],"5":[1,3],"6":[0,4],"7":[1,3],"8":[0,4],"9":[4,1],"10":[1,1],"11":[1,1]},"inputSourceMap":null,"_coverageSchema":"1a1c01bbd47fc00a2c39e90264f33305004495a9","hash":"5053503a6634f5b2da17fb34a350b1dfb6b8e0ed"}
,"/home/zishan/assessment/apps/api/src/services/analytics.service.js": {"path":"/home/zishan/assessment/apps/api/src/services/analytics.service.js","statementMap":{"0":{"start":{"line":6,"column":26},"end":{"line":54,"column":1}},"1":{"start":{"line":7,"column":14},"end":{"line":7,"column":24}},"2":{"start":{"line":8,"column":29},"end":{"line":8,"column":42}},"3":{"start":{"line":9,"column":2},"end":{"line":9,"column":59}},"4":{"start":{"line":10,"column":2},"end":{"line":10,"column":42}},"5":{"start":{"line":19,"column":6},"end":{"line":43,"column":4}},"6":{"start":{"line":45,"column":2},"end":{"line":53,"column":4}},"7":{"start":{"line":59,"column":41},"end":{"line":105,"column":1}},"8":{"start":{"line":60,"column":23},"end":{"line":60,"column":33}},"9":{"start":{"line":61,"column":2},"end":{"line":61,"column":53}},"10":{"start":{"line":62,"column":2},"end":{"line":62,"column":26}},"11":{"start":{"line":63,"column":2},"end":{"line":63,"column":36}},"12":{"start":{"line":65,"column":25},"end":{"line":73,"column":4}},"13":{"start":{"line":76,"column":20},"end":{"line":76,"column":22}},"14":{"start":{"line":77,"column":2},"end":{"line":82,"column":3}},"15":{"start":{"line":77,"column":15},"end":{"line":77,"column":16}},"16":{"start":{"line":78,"column":14},"end":{"line":78,"column":24}},"17":{"start":{"line":79,"column":4},"end":{"line":79,"column":33}},"18":{"start":{"line":80,"column":21},"end":{"line":80,"column":68}},"19":{"start":{"line":81,"column":4},"end":{"line":81,"column":28}},"20":{"start":{"line":85,"column":2},"end":{"line":90,"column":5}},"21":{"start":{"line":86,"column":21},"end":{"line":86,"column":81}},"22":{"start":{"line":87,"column":4},"end":{"line":89,"column":5}},"23":{"start":{"line":88,"column":6},"end":{"line":88,"column":28}},"24":{"start":{"line":93,"column":17},"end":{"line":93,"column":19}},"25":{"start":{"line":94,"column":2},"end":{"line":102,"column":3}},"26":{"start":{"line":94,"column":15},"end":{"line":94,"column":16}},"27":{"start":{"line":95,"column":14},"end":{"line":95,"column":24}},"28":{"start":{"line":96,"column":4},"end":{"line":96,"column":33}},"29":{"start":{"line":97,"column":21},"end":{"line":97,"column":68}},"30":{"start":{"line":98,"column":4},"end":{"line":101,"column":7}},"31":{"start":{"line":104,"column":2},"end":{"line":104,"column":16}},"32":{"start":{"line":110,"column":37},"end":{"line":121,"column":1}},"33":{"start":{"line":111,"column":16},"end":{"line":115,"column":4}},"34":{"start":{"line":117,"column":2},"end":{"line":120,"column":6}},"35":{"start":{"line":117,"column":25},"end":{"line":120,"column":3}},"36":{"start":{"line":126,"column":39},"end":{"line":137,"column":1}},"37":{"start":{"line":127,"column":16},"end":{"line":131,"column":4}},"38":{"start":{"line":133,"column":2},"end":{"line":136,"column":6}},"39":{"start":{"line":133,"column":25},"end":{"line":136,"column":3}},"40":{"start":{"line":142,"column":29},"end":{"line":159,"column":1}},"41":{"start":{"line":143,"column":34},"end":{"line":156,"column":4}},"42":{"start":{"line":158,"column":2},"end":{"line":158,"column":35}}},"fnMap":{"0":{"name":"(anonymous_0)","decl":{"start":{"line":6,"column":26},"end":{"line":6,"column":27}},"loc":{"start":{"line":6,"column":49},"end":{"line":54,"column":1}},"line":6},"1":{"name":"(anonymous_1)","decl":{"start":{"line":59,"column":41},"end":{"line":59,"column":42}},"loc":{"start":{"line":59,"column":64},"end":{"line":105,"column":1}},"line":59},"2":{"name":"(anonymous_2)","decl":{"start":{"line":85,"column":25},"end":{"line":85,"column":26}},"loc":{"start":{"line":85,"column":33},"end":{"line":90,"column":3}},"line":85},"3":{"name":"(anonymous_3)","decl":{"start":{"line":110,"column":37},"end":{"line":110,"column":38}},"loc":{"start":{"line":110,"column":60},"end":{"line":121,"column":1}},"line":110},"4":{"name":"(anonymous_4)","decl":{"start":{"line":117,"column":19},"end":{"line":117,"column":20}},"loc":{"start":{"line":117,"column":25},"end":{"line":120,"column":3}},"line":117},"5":{"name":"(anonymous_5)","decl":{"start":{"line":126,"column":39},"end":{"line":126,"column":40}},"loc":{"start":{"line":126,"column":62},"end":{"line":137,"column":1}},"line":126},"6":{"name":"(anonymous_6)","decl":{"start":{"line":133,"column":19},"end":{"line":133,"column":20}},"loc":{"start":{"line":133,"column":25},"end":{"line":136,"column":3}},"line":133},"7":{"name":"(anonymous_7)","decl":{"start":{"line":142,"column":29},"end":{"line":142,"column":30}},"loc":{"start":{"line":142,"column":52},"end":{"line":159,"column":1}},"line":142}},"branchMap":{"0":{"loc":{"start":{"line":52,"column":20},"end":{"line":52,"column":88}},"type":"cond-expr","locations":[{"start":{"line":52,"column":37},"end":{"line":52,"column":84}},{"start":{"line":52,"column":87},"end":{"line":52,"column":88}}],"line":52},"1":{"loc":{"start":{"line":87,"column":4},"end":{"line":89,"column":5}},"type":"if","locations":[{"start":{"line":87,"column":4},"end":{"line":89,"column":5}},{"start":{},"end":{}}],"line":87}},"s":{"0":1,"1":2,"2":2,"3":2,"4":2,"5":2,"6":2,"7":1,"8":1,"9":1,"10":1,"11":1,"12":1,"13":1,"14":1,"15":1,"16":6,"17":6,"18":6,"19":6,"20":1,"21":1,"22":1,"23":1,"24":1,"25":1,"26":1,"27":6,"28":6,"29":6,"30":6,"31":1,"32":1,"33":1,"34":1,"35":1,"36":1,"37":1,"38":1,"39":1,"40":1,"41":1,"42":1},"f":{"0":2,"1":1,"2":1,"3":1,"4":1,"5":1,"6":1,"7":1},"b":{"0":[1,1],"1":[1,0]},"inputSourceMap":null,"_coverageSchema":"1a1c01bbd47fc00a2c39e90264f33305004495a9","hash":"3d123826cca93242c8b69411a5dbdf5d742724b4"}
,"/home/zishan/assessment/apps/api/src/services/announcement.service.js": {"path":"/home/zishan/assessment/apps/api/src/services/announcement.service.js","statementMap":{"0":{"start":{"line":8,"column":17},"end":{"line":15,"column":2}},"1":{"start":{"line":8,"column":27},"end":{"line":15,"column":2}},"2":{"start":{"line":17,"column":34},"end":{"line":58,"column":1}},"3":{"start":{"line":18,"column":23},"end":{"line":27,"column":4}},"4":{"start":{"line":29,"column":2},"end":{"line":32,"column":5}},"5":{"start":{"line":35,"column":25},"end":{"line":35,"column":54}},"6":{"start":{"line":36,"column":2},"end":{"line":55,"column":3}},"7":{"start":{"line":37,"column":26},"end":{"line":43,"column":6}},"8":{"start":{"line":45,"column":4},"end":{"line":54,"column":5}},"9":{"start":{"line":46,"column":6},"end":{"line":46,"column":45}},"10":{"start":{"line":46,"column":36},"end":{"line":46,"column":45}},"11":{"start":{"line":47,"column":6},"end":{"line":53,"column":9}},"12":{"start":{"line":57,"column":2},"end":{"line":57,"column":22}},"13":{"start":{"line":60,"column":33},"end":{"line":69,"column":1}},"14":{"start":{"line":61,"column":2},"end":{"line":68,"column":5}},"15":{"start":{"line":71,"column":35},"end":{"line":87,"column":1}},"16":{"start":{"line":72,"column":23},"end":{"line":84,"column":4}},"17":{"start":{"line":85,"column":2},"end":{"line":85,"column":66}},"18":{"start":{"line":85,"column":21},"end":{"line":85,"column":66}},"19":{"start":{"line":86,"column":2},"end":{"line":86,"column":22}},"20":{"start":{"line":89,"column":34},"end":{"line":106,"column":1}},"21":{"start":{"line":90,"column":23},"end":{"line":98,"column":4}},"22":{"start":{"line":100,"column":2},"end":{"line":103,"column":5}},"23":{"start":{"line":105,"column":2},"end":{"line":105,"column":22}},"24":{"start":{"line":108,"column":34},"end":{"line":115,"column":1}},"25":{"start":{"line":109,"column":2},"end":{"line":109,"column":54}},"26":{"start":{"line":111,"column":2},"end":{"line":114,"column":5}},"27":{"start":{"line":117,"column":29},"end":{"line":155,"column":1}},"28":{"start":{"line":118,"column":23},"end":{"line":118,"column":106}},"29":{"start":{"line":119,"column":2},"end":{"line":119,"column":66}},"30":{"start":{"line":119,"column":21},"end":{"line":119,"column":66}},"31":{"start":{"line":121,"column":18},"end":{"line":124,"column":4}},"32":{"start":{"line":126,"column":2},"end":{"line":129,"column":5}},"33":{"start":{"line":132,"column":25},"end":{"line":132,"column":54}},"34":{"start":{"line":133,"column":2},"end":{"line":152,"column":3}},"35":{"start":{"line":134,"column":26},"end":{"line":140,"column":6}},"36":{"start":{"line":142,"column":4},"end":{"line":151,"column":5}},"37":{"start":{"line":143,"column":6},"end":{"line":143,"column":45}},"38":{"start":{"line":143,"column":36},"end":{"line":143,"column":45}},"39":{"start":{"line":144,"column":6},"end":{"line":150,"column":9}},"40":{"start":{"line":154,"column":2},"end":{"line":154,"column":17}},"41":{"start":{"line":157,"column":30},"end":{"line":189,"column":1}},"42":{"start":{"line":158,"column":23},"end":{"line":158,"column":106}},"43":{"start":{"line":159,"column":2},"end":{"line":159,"column":66}},"44":{"start":{"line":159,"column":21},"end":{"line":159,"column":66}},"45":{"start":{"line":161,"column":17},"end":{"line":177,"column":4}},"46":{"start":{"line":162,"column":21},"end":{"line":164,"column":6}},"47":{"start":{"line":166,"column":4},"end":{"line":169,"column":5}},"48":{"start":{"line":167,"column":6},"end":{"line":167,"column":63}},"49":{"start":{"line":168,"column":6},"end":{"line":168,"column":67}},"50":{"start":{"line":171,"column":21},"end":{"line":174,"column":6}},"51":{"start":{"line":176,"column":4},"end":{"line":176,"column":20}},"52":{"start":{"line":179,"column":2},"end":{"line":186,"column":5}},"53":{"start":{"line":188,"column":2},"end":{"line":188,"column":16}}},"fnMap":{"0":{"name":"(anonymous_0)","decl":{"start":{"line":8,"column":17},"end":{"line":8,"column":18}},"loc":{"start":{"line":8,"column":27},"end":{"line":15,"column":2}},"line":8},"1":{"name":"(anonymous_1)","decl":{"start":{"line":17,"column":34},"end":{"line":17,"column":35}},"loc":{"start":{"line":17,"column":71},"end":{"line":58,"column":1}},"line":17},"2":{"name":"(anonymous_2)","decl":{"start":{"line":60,"column":33},"end":{"line":60,"column":34}},"loc":{"start":{"line":60,"column":56},"end":{"line":69,"column":1}},"line":60},"3":{"name":"(anonymous_3)","decl":{"start":{"line":71,"column":35},"end":{"line":71,"column":36}},"loc":{"start":{"line":71,"column":62},"end":{"line":87,"column":1}},"line":71},"4":{"name":"(anonymous_4)","decl":{"start":{"line":89,"column":34},"end":{"line":89,"column":35}},"loc":{"start":{"line":89,"column":75},"end":{"line":106,"column":1}},"line":89},"5":{"name":"(anonymous_5)","decl":{"start":{"line":108,"column":34},"end":{"line":108,"column":35}},"loc":{"start":{"line":108,"column":69},"end":{"line":115,"column":1}},"line":108},"6":{"name":"(anonymous_6)","decl":{"start":{"line":117,"column":29},"end":{"line":117,"column":30}},"loc":{"start":{"line":117,"column":82},"end":{"line":155,"column":1}},"line":117},"7":{"name":"(anonymous_7)","decl":{"start":{"line":157,"column":30},"end":{"line":157,"column":31}},"loc":{"start":{"line":157,"column":83},"end":{"line":189,"column":1}},"line":157},"8":{"name":"(anonymous_8)","decl":{"start":{"line":161,"column":43},"end":{"line":161,"column":44}},"loc":{"start":{"line":161,"column":57},"end":{"line":177,"column":3}},"line":161}},"branchMap":{"0":{"loc":{"start":{"line":22,"column":16},"end":{"line":22,"column":38}},"type":"binary-expr","locations":[{"start":{"line":22,"column":16},"end":{"line":22,"column":29}},{"start":{"line":22,"column":33},"end":{"line":22,"column":38}}],"line":22},"1":{"loc":{"start":{"line":36,"column":2},"end":{"line":55,"column":3}},"type":"if","locations":[{"start":{"line":36,"column":2},"end":{"line":55,"column":3}},{"start":{},"end":{}}],"line":36},"2":{"loc":{"start":{"line":46,"column":6},"end":{"line":46,"column":45}},"type":"if","locations":[{"start":{"line":46,"column":6},"end":{"line":46,"column":45}},{"start":{},"end":{}}],"line":46},"3":{"loc":{"start":{"line":85,"column":2},"end":{"line":85,"column":66}},"type":"if","locations":[{"start":{"line":85,"column":2},"end":{"line":85,"column":66}},{"start":{},"end":{}}],"line":85},"4":{"loc":{"start":{"line":94,"column":15},"end":{"line":94,"column":64}},"type":"cond-expr","locations":[{"start":{"line":94,"column":30},"end":{"line":94,"column":52}},{"start":{"line":94,"column":55},"end":{"line":94,"column":64}}],"line":94},"5":{"loc":{"start":{"line":119,"column":2},"end":{"line":119,"column":66}},"type":"if","locations":[{"start":{"line":119,"column":2},"end":{"line":119,"column":66}},{"start":{},"end":{}}],"line":119},"6":{"loc":{"start":{"line":133,"column":2},"end":{"line":152,"column":3}},"type":"if","locations":[{"start":{"line":133,"column":2},"end":{"line":152,"column":3}},{"start":{},"end":{}}],"line":133},"7":{"loc":{"start":{"line":143,"column":6},"end":{"line":143,"column":45}},"type":"if","locations":[{"start":{"line":143,"column":6},"end":{"line":143,"column":45}},{"start":{},"end":{}}],"line":143},"8":{"loc":{"start":{"line":159,"column":2},"end":{"line":159,"column":66}},"type":"if","locations":[{"start":{"line":159,"column":2},"end":{"line":159,"column":66}},{"start":{},"end":{}}],"line":159},"9":{"loc":{"start":{"line":166,"column":4},"end":{"line":169,"column":5}},"type":"if","locations":[{"start":{"line":166,"column":4},"end":{"line":169,"column":5}},{"start":{},"end":{}}],"line":166},"10":{"loc":{"start":{"line":180,"column":12},"end":{"line":180,"column":48}},"type":"cond-expr","locations":[{"start":{"line":180,"column":29},"end":{"line":180,"column":37}},{"start":{"line":180,"column":40},"end":{"line":180,"column":48}}],"line":180}},"s":{"0":1,"1":10,"2":1,"3":9,"4":9,"5":9,"6":9,"7":1,"8":1,"9":0,"10":0,"11":0,"12":9,"13":1,"14":1,"15":1,"16":0,"17":0,"18":0,"19":0,"20":1,"21":1,"22":1,"23":1,"24":1,"25":1,"26":1,"27":1,"28":2,"29":2,"30":1,"31":1,"32":1,"33":1,"34":1,"35":1,"36":1,"37":1,"38":0,"39":1,"40":1,"41":1,"42":3,"43":3,"44":1,"45":2,"46":2,"47":2,"48":1,"49":1,"50":1,"51":1,"52":2,"53":2},"f":{"0":10,"1":9,"2":1,"3":0,"4":1,"5":1,"6":2,"7":3,"8":2},"b":{"0":[9,8],"1":[1,8],"2":[0,0],"3":[0,0],"4":[0,1],"5":[1,1],"6":[1,0],"7":[0,1],"8":[1,2],"9":[1,1],"10":[1,1]},"inputSourceMap":null,"_coverageSchema":"1a1c01bbd47fc00a2c39e90264f33305004495a9","hash":"91f8fbe1ec7985792cf66d99bb2c6dcbe8eb859a"}
,"/home/zishan/assessment/apps/api/src/services/audit.service.js": {"path":"/home/zishan/assessment/apps/api/src/services/audit.service.js","statementMap":{"0":{"start":{"line":4,"column":2},"end":{"line":6,"column":5}},"1":{"start":{"line":10,"column":51},"end":{"line":10,"column":56}},"2":{"start":{"line":11,"column":15},"end":{"line":11,"column":33}},"3":{"start":{"line":13,"column":16},"end":{"line":13,"column":31}},"4":{"start":{"line":14,"column":2},"end":{"line":14,"column":36}},"5":{"start":{"line":14,"column":14},"end":{"line":14,"column":36}},"6":{"start":{"line":15,"column":2},"end":{"line":15,"column":36}},"7":{"start":{"line":15,"column":14},"end":{"line":15,"column":36}},"8":{"start":{"line":17,"column":24},"end":{"line":30,"column":4}},"9":{"start":{"line":32,"column":2},"end":{"line":37,"column":4}},"10":{"start":{"line":41,"column":29},"end":{"line":41,"column":34}},"11":{"start":{"line":42,"column":16},"end":{"line":42,"column":31}},"12":{"start":{"line":43,"column":2},"end":{"line":43,"column":36}},"13":{"start":{"line":43,"column":14},"end":{"line":43,"column":36}},"14":{"start":{"line":44,"column":2},"end":{"line":44,"column":36}},"15":{"start":{"line":44,"column":14},"end":{"line":44,"column":36}},"16":{"start":{"line":46,"column":15},"end":{"line":54,"column":4}},"17":{"start":{"line":56,"column":19},"end":{"line":60,"column":3}},"18":{"start":{"line":57,"column":4},"end":{"line":57,"column":24}},"19":{"start":{"line":57,"column":14},"end":{"line":57,"column":24}},"20":{"start":{"line":58,"column":16},"end":{"line":58,"column":27}},"21":{"start":{"line":59,"column":4},"end":{"line":59,"column":67}},"22":{"start":{"line":62,"column":17},"end":{"line":62,"column":61}},"23":{"start":{"line":63,"column":15},"end":{"line":67,"column":15}},"24":{"start":{"line":64,"column":20},"end":{"line":64,"column":86}},"25":{"start":{"line":65,"column":17},"end":{"line":65,"column":44}},"26":{"start":{"line":66,"column":4},"end":{"line":66,"column":151}},"27":{"start":{"line":69,"column":2},"end":{"line":69,"column":23}}},"fnMap":{"0":{"name":"createAuditLog","decl":{"start":{"line":3,"column":22},"end":{"line":3,"column":36}},"loc":{"start":{"line":3,"column":97},"end":{"line":7,"column":1}},"line":3},"1":{"name":"listAuditLogs","decl":{"start":{"line":9,"column":22},"end":{"line":9,"column":35}},"loc":{"start":{"line":9,"column":56},"end":{"line":38,"column":1}},"line":9},"2":{"name":"exportAuditLogsCsv","decl":{"start":{"line":40,"column":22},"end":{"line":40,"column":40}},"loc":{"start":{"line":40,"column":61},"end":{"line":70,"column":1}},"line":40},"3":{"name":"(anonymous_3)","decl":{"start":{"line":56,"column":19},"end":{"line":56,"column":20}},"loc":{"start":{"line":56,"column":28},"end":{"line":60,"column":3}},"line":56},"4":{"name":"(anonymous_4)","decl":{"start":{"line":63,"column":24},"end":{"line":63,"column":25}},"loc":{"start":{"line":63,"column":31},"end":{"line":67,"column":3}},"line":63}},"branchMap":{"0":{"loc":{"start":{"line":10,"column":10},"end":{"line":10,"column":18}},"type":"default-arg","locations":[{"start":{"line":10,"column":17},"end":{"line":10,"column":18}}],"line":10},"1":{"loc":{"start":{"line":10,"column":20},"end":{"line":10,"column":30}},"type":"default-arg","locations":[{"start":{"line":10,"column":28},"end":{"line":10,"column":30}}],"line":10},"2":{"loc":{"start":{"line":14,"column":2},"end":{"line":14,"column":36}},"type":"if","locations":[{"start":{"line":14,"column":2},"end":{"line":14,"column":36}},{"start":{},"end":{}}],"line":14},"3":{"loc":{"start":{"line":15,"column":2},"end":{"line":15,"column":36}},"type":"if","locations":[{"start":{"line":15,"column":2},"end":{"line":15,"column":36}},{"start":{},"end":{}}],"line":15},"4":{"loc":{"start":{"line":43,"column":2},"end":{"line":43,"column":36}},"type":"if","locations":[{"start":{"line":43,"column":2},"end":{"line":43,"column":36}},{"start":{},"end":{}}],"line":43},"5":{"loc":{"start":{"line":44,"column":2},"end":{"line":44,"column":36}},"type":"if","locations":[{"start":{"line":44,"column":2},"end":{"line":44,"column":36}},{"start":{},"end":{}}],"line":44},"6":{"loc":{"start":{"line":57,"column":4},"end":{"line":57,"column":24}},"type":"if","locations":[{"start":{"line":57,"column":4},"end":{"line":57,"column":24}},{"start":{},"end":{}}],"line":57},"7":{"loc":{"start":{"line":59,"column":11},"end":{"line":59,"column":66}},"type":"cond-expr","locations":[{"start":{"line":59,"column":51},"end":{"line":59,"column":60}},{"start":{"line":59,"column":63},"end":{"line":59,"column":66}}],"line":59},"8":{"loc":{"start":{"line":64,"column":20},"end":{"line":64,"column":86}},"type":"cond-expr","locations":[{"start":{"line":64,"column":34},"end":{"line":64,"column":81}},{"start":{"line":64,"column":84},"end":{"line":64,"column":86}}],"line":64},"9":{"loc":{"start":{"line":65,"column":17},"end":{"line":65,"column":44}},"type":"binary-expr","locations":[{"start":{"line":65,"column":17},"end":{"line":65,"column":31}},{"start":{"line":65,"column":35},"end":{"line":65,"column":44}}],"line":65}},"s":{"0":75,"1":0,"2":0,"3":0,"4":0,"5":0,"6":0,"7":0,"8":0,"9":0,"10":0,"11":0,"12":0,"13":0,"14":0,"15":0,"16":0,"17":0,"18":0,"19":0,"20":0,"21":0,"22":0,"23":0,"24":0,"25":0,"26":0,"27":0},"f":{"0":75,"1":0,"2":0,"3":0,"4":0},"b":{"0":[0],"1":[0],"2":[0,0],"3":[0,0],"4":[0,0],"5":[0,0],"6":[0,0],"7":[0,0],"8":[0,0],"9":[0,0]},"inputSourceMap":null,"_coverageSchema":"1a1c01bbd47fc00a2c39e90264f33305004495a9","hash":"3e4b1a9a7a8c88792651bf3d35dd9b44b5e8e2b1"}
,"/home/zishan/assessment/apps/api/src/services/auth.service.js": {"path":"/home/zishan/assessment/apps/api/src/services/auth.service.js","statementMap":{"0":{"start":{"line":7,"column":33},"end":{"line":7,"column":77}},"1":{"start":{"line":7,"column":39},"end":{"line":7,"column":77}},"2":{"start":{"line":9,"column":32},"end":{"line":15,"column":1}},"3":{"start":{"line":10,"column":16},"end":{"line":10,"column":33}},"4":{"start":{"line":11,"column":2},"end":{"line":13,"column":3}},"5":{"start":{"line":12,"column":4},"end":{"line":12,"column":70}},"6":{"start":{"line":14,"column":2},"end":{"line":14,"column":37}},"7":{"start":{"line":17,"column":24},"end":{"line":17,"column":66}},"8":{"start":{"line":18,"column":23},"end":{"line":18,"column":64}},"9":{"start":{"line":19,"column":19},"end":{"line":19,"column":57}},"10":{"start":{"line":20,"column":21},"end":{"line":20,"column":65}},"11":{"start":{"line":22,"column":28},"end":{"line":24,"column":1}},"12":{"start":{"line":23,"column":2},"end":{"line":23,"column":35}},"13":{"start":{"line":26,"column":30},"end":{"line":28,"column":1}},"14":{"start":{"line":27,"column":2},"end":{"line":27,"column":40}},"15":{"start":{"line":30,"column":35},"end":{"line":36,"column":1}},"16":{"start":{"line":31,"column":2},"end":{"line":35,"column":4}},"17":{"start":{"line":38,"column":36},"end":{"line":46,"column":1}},"18":{"start":{"line":39,"column":14},"end":{"line":39,"column":52}},"19":{"start":{"line":40,"column":16},"end":{"line":44,"column":3}},"20":{"start":{"line":45,"column":2},"end":{"line":45,"column":24}},"21":{"start":{"line":48,"column":25},"end":{"line":50,"column":1}},"22":{"start":{"line":49,"column":2},"end":{"line":49,"column":65}},"23":{"start":{"line":52,"column":24},"end":{"line":87,"column":1}},"24":{"start":{"line":53,"column":26},"end":{"line":53,"column":52}},"25":{"start":{"line":54,"column":19},"end":{"line":54,"column":86}},"26":{"start":{"line":55,"column":2},"end":{"line":55,"column":63}},"27":{"start":{"line":55,"column":16},"end":{"line":55,"column":63}},"28":{"start":{"line":57,"column":25},"end":{"line":57,"column":53}},"29":{"start":{"line":59,"column":2},"end":{"line":68,"column":3}},"30":{"start":{"line":60,"column":4},"end":{"line":62,"column":7}},"31":{"start":{"line":64,"column":4},"end":{"line":66,"column":5}},"32":{"start":{"line":65,"column":6},"end":{"line":65,"column":53}},"33":{"start":{"line":67,"column":4},"end":{"line":67,"column":14}},"34":{"start":{"line":70,"column":22},"end":{"line":70,"column":47}},"35":{"start":{"line":71,"column":34},"end":{"line":71,"column":60}},"36":{"start":{"line":72,"column":20},"end":{"line":72,"column":43}},"37":{"start":{"line":73,"column":20},"end":{"line":73,"column":66}},"38":{"start":{"line":75,"column":2},"end":{"line":77,"column":5}},"39":{"start":{"line":79,"column":20},"end":{"line":79,"column":39}},"40":{"start":{"line":81,"column":2},"end":{"line":86,"column":4}},"41":{"start":{"line":89,"column":21},"end":{"line":114,"column":1}},"42":{"start":{"line":90,"column":26},"end":{"line":90,"column":52}},"43":{"start":{"line":91,"column":15},"end":{"line":91,"column":82}},"44":{"start":{"line":92,"column":2},"end":{"line":92,"column":59}},"45":{"start":{"line":92,"column":13},"end":{"line":92,"column":59}},"46":{"start":{"line":94,"column":16},"end":{"line":94,"column":61}},"47":{"start":{"line":95,"column":2},"end":{"line":95,"column":60}},"48":{"start":{"line":95,"column":14},"end":{"line":95,"column":60}},"49":{"start":{"line":97,"column":22},"end":{"line":97,"column":47}},"50":{"start":{"line":98,"column":34},"end":{"line":98,"column":60}},"51":{"start":{"line":99,"column":20},"end":{"line":99,"column":43}},"52":{"start":{"line":100,"column":20},"end":{"line":100,"column":66}},"53":{"start":{"line":102,"column":2},"end":{"line":104,"column":5}},"54":{"start":{"line":106,"column":20},"end":{"line":106,"column":39}},"55":{"start":{"line":108,"column":2},"end":{"line":113,"column":4}},"56":{"start":{"line":116,"column":23},"end":{"line":187,"column":1}},"57":{"start":{"line":117,"column":2},"end":{"line":117,"column":64}},"58":{"start":{"line":117,"column":21},"end":{"line":117,"column":64}},"59":{"start":{"line":119,"column":20},"end":{"line":119,"column":43}},"60":{"start":{"line":120,"column":22},"end":{"line":123,"column":4}},"61":{"start":{"line":125,"column":2},"end":{"line":127,"column":3}},"62":{"start":{"line":126,"column":4},"end":{"line":126,"column":52}},"63":{"start":{"line":129,"column":2},"end":{"line":132,"column":3}},"64":{"start":{"line":130,"column":4},"end":{"line":130,"column":72}},"65":{"start":{"line":131,"column":4},"end":{"line":131,"column":52}},"66":{"start":{"line":134,"column":2},"end":{"line":137,"column":3}},"67":{"start":{"line":135,"column":4},"end":{"line":135,"column":84}},"68":{"start":{"line":136,"column":4},"end":{"line":136,"column":51}},"69":{"start":{"line":140,"column":2},"end":{"line":149,"column":3}},"70":{"start":{"line":141,"column":4},"end":{"line":145,"column":7}},"71":{"start":{"line":147,"column":4},"end":{"line":147,"column":79}},"72":{"start":{"line":148,"column":4},"end":{"line":148,"column":55}},"73":{"start":{"line":151,"column":2},"end":{"line":154,"column":3}},"74":{"start":{"line":152,"column":4},"end":{"line":152,"column":100}},"75":{"start":{"line":153,"column":4},"end":{"line":153,"column":52}},"76":{"start":{"line":156,"column":15},"end":{"line":156,"column":31}},"77":{"start":{"line":157,"column":25},"end":{"line":157,"column":50}},"78":{"start":{"line":158,"column":37},"end":{"line":158,"column":63}},"79":{"start":{"line":159,"column":23},"end":{"line":159,"column":49}},"80":{"start":{"line":161,"column":2},"end":{"line":179,"column":5}},"81":{"start":{"line":162,"column":19},"end":{"line":165,"column":6}},"82":{"start":{"line":167,"column":4},"end":{"line":170,"column":5}},"83":{"start":{"line":168,"column":6},"end":{"line":168,"column":82}},"84":{"start":{"line":169,"column":6},"end":{"line":169,"column":53}},"85":{"start":{"line":172,"column":4},"end":{"line":178,"column":7}},"86":{"start":{"line":181,"column":2},"end":{"line":186,"column":4}},"87":{"start":{"line":189,"column":22},"end":{"line":192,"column":1}},"88":{"start":{"line":190,"column":2},"end":{"line":190,"column":62}},"89":{"start":{"line":191,"column":2},"end":{"line":191,"column":48}},"90":{"start":{"line":194,"column":21},"end":{"line":201,"column":1}},"91":{"start":{"line":195,"column":15},"end":{"line":198,"column":4}},"92":{"start":{"line":199,"column":2},"end":{"line":199,"column":54}},"93":{"start":{"line":199,"column":13},"end":{"line":199,"column":54}},"94":{"start":{"line":200,"column":2},"end":{"line":200,"column":18}}},"fnMap":{"0":{"name":"(anonymous_0)","decl":{"start":{"line":7,"column":33},"end":{"line":7,"column":34}},"loc":{"start":{"line":7,"column":39},"end":{"line":7,"column":77}},"line":7},"1":{"name":"(anonymous_1)","decl":{"start":{"line":9,"column":32},"end":{"line":9,"column":33}},"loc":{"start":{"line":9,"column":42},"end":{"line":15,"column":1}},"line":9},"2":{"name":"(anonymous_2)","decl":{"start":{"line":22,"column":28},"end":{"line":22,"column":29}},"loc":{"start":{"line":22,"column":48},"end":{"line":24,"column":1}},"line":22},"3":{"name":"(anonymous_3)","decl":{"start":{"line":26,"column":30},"end":{"line":26,"column":31}},"loc":{"start":{"line":26,"column":56},"end":{"line":28,"column":1}},"line":26},"4":{"name":"(anonymous_4)","decl":{"start":{"line":30,"column":35},"end":{"line":30,"column":36}},"loc":{"start":{"line":30,"column":45},"end":{"line":36,"column":1}},"line":30},"5":{"name":"(anonymous_5)","decl":{"start":{"line":38,"column":36},"end":{"line":38,"column":37}},"loc":{"start":{"line":38,"column":46},"end":{"line":46,"column":1}},"line":38},"6":{"name":"(anonymous_6)","decl":{"start":{"line":48,"column":25},"end":{"line":48,"column":26}},"loc":{"start":{"line":48,"column":36},"end":{"line":50,"column":1}},"line":48},"7":{"name":"(anonymous_7)","decl":{"start":{"line":52,"column":24},"end":{"line":52,"column":25}},"loc":{"start":{"line":52,"column":61},"end":{"line":87,"column":1}},"line":52},"8":{"name":"(anonymous_8)","decl":{"start":{"line":89,"column":21},"end":{"line":89,"column":22}},"loc":{"start":{"line":89,"column":52},"end":{"line":114,"column":1}},"line":89},"9":{"name":"(anonymous_9)","decl":{"start":{"line":116,"column":23},"end":{"line":116,"column":24}},"loc":{"start":{"line":116,"column":47},"end":{"line":187,"column":1}},"line":116},"10":{"name":"(anonymous_10)","decl":{"start":{"line":147,"column":69},"end":{"line":147,"column":70}},"loc":{"start":{"line":147,"column":75},"end":{"line":147,"column":77}},"line":147},"11":{"name":"(anonymous_11)","decl":{"start":{"line":152,"column":90},"end":{"line":152,"column":91}},"loc":{"start":{"line":152,"column":96},"end":{"line":152,"column":98}},"line":152},"12":{"name":"(anonymous_12)","decl":{"start":{"line":161,"column":28},"end":{"line":161,"column":29}},"loc":{"start":{"line":161,"column":42},"end":{"line":179,"column":3}},"line":161},"13":{"name":"(anonymous_13)","decl":{"start":{"line":189,"column":22},"end":{"line":189,"column":23}},"loc":{"start":{"line":189,"column":40},"end":{"line":192,"column":1}},"line":189},"14":{"name":"(anonymous_14)","decl":{"start":{"line":194,"column":21},"end":{"line":194,"column":22}},"loc":{"start":{"line":194,"column":39},"end":{"line":201,"column":1}},"line":194}},"branchMap":{"0":{"loc":{"start":{"line":11,"column":2},"end":{"line":13,"column":3}},"type":"if","locations":[{"start":{"line":11,"column":2},"end":{"line":13,"column":3}},{"start":{},"end":{}}],"line":11},"1":{"loc":{"start":{"line":11,"column":6},"end":{"line":11,"column":54}},"type":"binary-expr","locations":[{"start":{"line":11,"column":6},"end":{"line":11,"column":31}},{"start":{"line":11,"column":35},"end":{"line":11,"column":54}}],"line":11},"2":{"loc":{"start":{"line":19,"column":19},"end":{"line":19,"column":57}},"type":"binary-expr","locations":[{"start":{"line":19,"column":19},"end":{"line":19,"column":41}},{"start":{"line":19,"column":45},"end":{"line":19,"column":57}}],"line":19},"3":{"loc":{"start":{"line":20,"column":21},"end":{"line":20,"column":65}},"type":"binary-expr","locations":[{"start":{"line":20,"column":21},"end":{"line":20,"column":45}},{"start":{"line":20,"column":49},"end":{"line":20,"column":65}}],"line":20},"4":{"loc":{"start":{"line":55,"column":2},"end":{"line":55,"column":63}},"type":"if","locations":[{"start":{"line":55,"column":2},"end":{"line":55,"column":63}},{"start":{},"end":{}}],"line":55},"5":{"loc":{"start":{"line":64,"column":4},"end":{"line":66,"column":5}},"type":"if","locations":[{"start":{"line":64,"column":4},"end":{"line":66,"column":5}},{"start":{},"end":{}}],"line":64},"6":{"loc":{"start":{"line":92,"column":2},"end":{"line":92,"column":59}},"type":"if","locations":[{"start":{"line":92,"column":2},"end":{"line":92,"column":59}},{"start":{},"end":{}}],"line":92},"7":{"loc":{"start":{"line":95,"column":2},"end":{"line":95,"column":60}},"type":"if","locations":[{"start":{"line":95,"column":2},"end":{"line":95,"column":60}},{"start":{},"end":{}}],"line":95},"8":{"loc":{"start":{"line":117,"column":2},"end":{"line":117,"column":64}},"type":"if","locations":[{"start":{"line":117,"column":2},"end":{"line":117,"column":64}},{"start":{},"end":{}}],"line":117},"9":{"loc":{"start":{"line":125,"column":2},"end":{"line":127,"column":3}},"type":"if","locations":[{"start":{"line":125,"column":2},"end":{"line":127,"column":3}},{"start":{},"end":{}}],"line":125},"10":{"loc":{"start":{"line":129,"column":2},"end":{"line":132,"column":3}},"type":"if","locations":[{"start":{"line":129,"column":2},"end":{"line":132,"column":3}},{"start":{},"end":{}}],"line":129},"11":{"loc":{"start":{"line":134,"column":2},"end":{"line":137,"column":3}},"type":"if","locations":[{"start":{"line":134,"column":2},"end":{"line":137,"column":3}},{"start":{},"end":{}}],"line":134},"12":{"loc":{"start":{"line":151,"column":2},"end":{"line":154,"column":3}},"type":"if","locations":[{"start":{"line":151,"column":2},"end":{"line":154,"column":3}},{"start":{},"end":{}}],"line":151},"13":{"loc":{"start":{"line":167,"column":4},"end":{"line":170,"column":5}},"type":"if","locations":[{"start":{"line":167,"column":4},"end":{"line":170,"column":5}},{"start":{},"end":{}}],"line":167},"14":{"loc":{"start":{"line":199,"column":2},"end":{"line":199,"column":54}},"type":"if","locations":[{"start":{"line":199,"column":2},"end":{"line":199,"column":54}},{"start":{},"end":{}}],"line":199}},"s":{"0":1,"1":8,"2":1,"3":2,"4":2,"5":0,"6":2,"7":1,"8":1,"9":1,"10":1,"11":1,"12":5,"13":1,"14":5,"15":1,"16":7,"17":1,"18":6,"19":6,"20":6,"21":1,"22":19,"23":1,"24":3,"25":3,"26":3,"27":1,"28":2,"29":2,"30":2,"31":0,"32":0,"33":0,"34":2,"35":2,"36":2,"37":2,"38":2,"39":2,"40":2,"41":1,"42":4,"43":4,"44":4,"45":1,"46":3,"47":3,"48":1,"49":2,"50":2,"51":2,"52":2,"53":2,"54":2,"55":2,"56":1,"57":7,"58":0,"59":7,"60":7,"61":7,"62":1,"63":6,"64":1,"65":1,"66":5,"67":1,"68":1,"69":4,"70":4,"71":2,"72":2,"73":2,"74":1,"75":1,"76":1,"77":1,"78":1,"79":1,"80":1,"81":1,"82":1,"83":0,"84":0,"85":1,"86":1,"87":1,"88":1,"89":1,"90":1,"91":2,"92":2,"93":1,"94":1},"f":{"0":8,"1":2,"2":5,"3":5,"4":7,"5":6,"6":19,"7":3,"8":4,"9":7,"10":0,"11":0,"12":1,"13":1,"14":2},"b":{"0":[0,2],"1":[2,2],"2":[1,0],"3":[1,0],"4":[1,2],"5":[0,0],"6":[1,3],"7":[1,2],"8":[0,7],"9":[1,6],"10":[1,5],"11":[1,4],"12":[1,1],"13":[0,1],"14":[1,1]},"inputSourceMap":null,"_coverageSchema":"1a1c01bbd47fc00a2c39e90264f33305004495a9","hash":"e5b6a6373a1ee1b5ee2972baf18fa789acf8db44"}
[...]
ine":30,"column":1}},"line":25},"3":{"name":"(anonymous_3)","decl":{"start":{"line":32,"column":26},"end":{"line":32,"column":27}},"loc":{"start":{"line":32,"column":63},"end":{"line":58,"column":1}},"line":32},"4":{"name":"(anonymous_4)","decl":{"start":{"line":60,"column":25},"end":{"line":60,"column":26}},"loc":{"start":{"line":60,"column":48},"end":{"line":70,"column":1}},"line":60},"5":{"name":"(anonymous_5)","decl":{"start":{"line":72,"column":27},"end":{"line":72,"column":28}},"loc":{"start":{"line":72,"column":58},"end":{"line":90,"column":1}},"line":72},"6":{"name":"(anonymous_6)","decl":{"start":{"line":92,"column":26},"end":{"line":92,"column":27}},"loc":{"start":{"line":92,"column":71},"end":{"line":125,"column":1}},"line":92},"7":{"name":"(anonymous_7)","decl":{"start":{"line":127,"column":26},"end":{"line":127,"column":27}},"loc":{"start":{"line":127,"column":65},"end":{"line":135,"column":1}},"line":127},"8":{"name":"(anonymous_8)","decl":{"start":{"line":137,"column":31},"end":{"line":137,"column":32}},"loc":{"start":{"line":137,"column":76},"end":{"line":149,"column":1}},"line":137},"9":{"name":"(anonymous_9)","decl":{"start":{"line":151,"column":31},"end":{"line":151,"column":32}},"loc":{"start":{"line":151,"column":81},"end":{"line":164,"column":1}},"line":151},"10":{"name":"(anonymous_10)","decl":{"start":{"line":166,"column":31},"end":{"line":166,"column":32}},"loc":{"start":{"line":166,"column":75},"end":{"line":174,"column":1}},"line":166},"11":{"name":"(anonymous_11)","decl":{"start":{"line":176,"column":30},"end":{"line":176,"column":31}},"loc":{"start":{"line":176,"column":75},"end":{"line":212,"column":1}},"line":176}},"branchMap":{"0":{"loc":{"start":{"line":21,"column":2},"end":{"line":21,"column":77}},"type":"if","locations":[{"start":{"line":21,"column":2},"end":{"line":21,"column":77}},{"start":{},"end":{}}],"line":21},"1":{"loc":{"start":{"line":27,"column":2},"end":{"line":29,"column":3}},"type":"if","locations":[{"start":{"line":27,"column":2},"end":{"line":29,"column":3}},{"start":{},"end":{}}],"line":27},"2":{"loc":{"start":{"line":34,"column":18},"end":{"line":34,"column":62}},"type":"cond-expr","locations":[{"start":{"line":34,"column":33},"end":{"line":34,"column":55}},{"start":{"line":34,"column":58},"end":{"line":34,"column":62}}],"line":34},"3":{"loc":{"start":{"line":35,"column":2},"end":{"line":37,"column":3}},"type":"if","locations":[{"start":{"line":35,"column":2},"end":{"line":37,"column":3}},{"start":{},"end":{}}],"line":35},"4":{"loc":{"start":{"line":35,"column":6},"end":{"line":35,"column":46}},"type":"binary-expr","locations":[{"start":{"line":35,"column":6},"end":{"line":35,"column":18}},{"start":{"line":35,"column":22},"end":{"line":35,"column":46}}],"line":35},"5":{"loc":{"start":{"line":88,"column":2},"end":{"line":88,"column":50}},"type":"if","locations":[{"start":{"line":88,"column":2},"end":{"line":88,"column":50}},{"start":{},"end":{}}],"line":88},"6":{"loc":{"start":{"line":96,"column":2},"end":{"line":98,"column":3}},"type":"if","locations":[{"start":{"line":96,"column":2},"end":{"line":98,"column":3}},{"start":{},"end":{}}],"line":96},"7":{"loc":{"start":{"line":96,"column":6},"end":{"line":96,"column":44}},"type":"binary-expr","locations":[{"start":{"line":96,"column":6},"end":{"line":96,"column":17}},{"start":{"line":96,"column":21},"end":{"line":96,"column":44}}],"line":96},"8":{"loc":{"start":{"line":100,"column":18},"end":{"line":100,"column":62}},"type":"cond-expr","locations":[{"start":{"line":100,"column":33},"end":{"line":100,"column":55}},{"start":{"line":100,"column":58},"end":{"line":100,"column":62}}],"line":100},"9":{"loc":{"start":{"line":101,"column":2},"end":{"line":103,"column":3}},"type":"if","locations":[{"start":{"line":101,"column":2},"end":{"line":103,"column":3}},{"start":{},"end":{}}],"line":101},"10":{"loc":{"start":{"line":101,"column":6},"end":{"line":101,"column":46}},"type":"binary-expr","locations":[{"start":{"line":101,"column":6},"end":{"line":101,"column":18}},{"start":{"line":101,"column":22},"end":{"line":101,"column":46}}],"line":101},"11":{"loc":{"start":{"line":190,"column":2},"end":{"line":209,"column":3}},"type":"if","locations":[{"start":{"line":190,"column":2},"end":{"line":209,"column":3}},{"start":{},"end":{}}],"line":190},"12":{"loc":{"start":{"line":200,"column":6},"end":{"line":200,"column":45}},"type":"if","locations":[{"start":{"line":200,"column":6},"end":{"line":200,"column":45}},{"start":{},"end":{}}],"line":200}},"s":{"0":1,"1":4,"2":1,"3":24,"4":24,"5":0,"6":24,"7":1,"8":18,"9":18,"10":1,"11":1,"12":16,"13":15,"14":15,"15":1,"16":14,"17":14,"18":14,"19":1,"20":1,"21":1,"22":2,"23":2,"24":1,"25":1,"26":1,"27":4,"28":4,"29":1,"30":3,"31":3,"32":1,"33":2,"34":2,"35":2,"36":1,"37":1,"38":1,"39":1,"40":1,"41":1,"42":1,"43":1,"44":1,"45":1,"46":1,"47":1,"48":1,"49":1,"50":1,"51":1,"52":1,"53":1,"54":1,"55":4,"56":4,"57":4,"58":4,"59":4,"60":4,"61":4,"62":3,"63":0,"64":3,"65":4},"f":{"0":4,"1":24,"2":18,"3":16,"4":1,"5":2,"6":4,"7":1,"8":1,"9":1,"10":1,"11":4},"b":{"0":[0,24],"1":[1,17],"2":[2,13],"3":[1,14],"4":[15,2],"5":[1,1],"6":[1,3],"7":[4,2],"8":[1,2],"9":[1,2],"10":[3,1],"11":[4,0],"12":[0,3]},"inputSourceMap":null,"_coverageSchema":"1a1c01bbd47fc00a2c39e90264f33305004495a9","hash":"4baee96a1fbfa82ee5d3aeb2e699cccc8afd2331"}
,"/home/zishan/assessment/apps/api/src/services/notification.service.js": {"path":"/home/zishan/assessment/apps/api/src/services/notification.service.js","statementMap":{"0":{"start":{"line":5,"column":34},"end":{"line":23,"column":1}},"1":{"start":{"line":6,"column":23},"end":{"line":8,"column":4}},"2":{"start":{"line":10,"column":2},"end":{"line":20,"column":3}},"3":{"start":{"line":11,"column":15},"end":{"line":11,"column":22}},"4":{"start":{"line":12,"column":4},"end":{"line":12,"column":67}},"5":{"start":{"line":15,"column":4},"end":{"line":19,"column":5}},"6":{"start":{"line":16,"column":6},"end":{"line":16,"column":111}},"7":{"start":{"line":18,"column":6},"end":{"line":18,"column":96}},"8":{"start":{"line":22,"column":2},"end":{"line":22,"column":22}},"9":{"start":{"line":25,"column":36},"end":{"line":58,"column":1}},"10":{"start":{"line":27,"column":22},"end":{"line":30,"column":4}},"11":{"start":{"line":31,"column":29},"end":{"line":31,"column":64}},"12":{"start":{"line":31,"column":50},"end":{"line":31,"column":63}},"13":{"start":{"line":33,"column":39},"end":{"line":55,"column":4}},"14":{"start":{"line":57,"column":2},"end":{"line":57,"column":40}},"15":{"start":{"line":60,"column":26},"end":{"line":72,"column":1}},"16":{"start":{"line":61,"column":23},"end":{"line":63,"column":4}},"17":{"start":{"line":65,"column":2},"end":{"line":65,"column":66}},"18":{"start":{"line":65,"column":21},"end":{"line":65,"column":66}},"19":{"start":{"line":66,"column":2},"end":{"line":66,"column":76}},"20":{"start":{"line":66,"column":38},"end":{"line":66,"column":76}},"21":{"start":{"line":68,"column":2},"end":{"line":71,"column":5}},"22":{"start":{"line":74,"column":29},"end":{"line":79,"column":1}},"23":{"start":{"line":75,"column":2},"end":{"line":78,"column":5}}},"fnMap":{"0":{"name":"(anonymous_0)","decl":{"start":{"line":5,"column":34},"end":{"line":5,"column":35}},"loc":{"start":{"line":5,"column":93},"end":{"line":23,"column":1}},"line":5},"1":{"name":"(anonymous_1)","decl":{"start":{"line":25,"column":36},"end":{"line":25,"column":37}},"loc":{"start":{"line":25,"column":54},"end":{"line":58,"column":1}},"line":25},"2":{"name":"(anonymous_2)","decl":{"start":{"line":31,"column":45},"end":{"line":31,"column":46}},"loc":{"start":{"line":31,"column":50},"end":{"line":31,"column":63}},"line":31},"3":{"name":"(anonymous_3)","decl":{"start":{"line":60,"column":26},"end":{"line":60,"column":27}},"loc":{"start":{"line":60,"column":60},"end":{"line":72,"column":1}},"line":60},"4":{"name":"(anonymous_4)","decl":{"start":{"line":74,"column":29},"end":{"line":74,"column":30}},"loc":{"start":{"line":74,"column":47},"end":{"line":79,"column":1}},"line":74}},"branchMap":{"0":{"loc":{"start":{"line":15,"column":4},"end":{"line":19,"column":5}},"type":"if","locations":[{"start":{"line":15,"column":4},"end":{"line":19,"column":5}},{"start":{"line":17,"column":11},"end":{"line":19,"column":5}}],"line":15},"1":{"loc":{"start":{"line":65,"column":2},"end":{"line":65,"column":66}},"type":"if","locations":[{"start":{"line":65,"column":2},"end":{"line":65,"column":66}},{"start":{},"end":{}}],"line":65},"2":{"loc":{"start":{"line":66,"column":2},"end":{"line":66,"column":76}},"type":"if","locations":[{"start":{"line":66,"column":2},"end":{"line":66,"column":76}},{"start":{},"end":{}}],"line":66}},"s":{"0":3,"1":5,"2":5,"3":5,"4":1,"5":4,"6":4,"7":0,"8":5,"9":3,"10":1,"11":1,"12":1,"13":1,"14":1,"15":3,"16":2,"17":2,"18":0,"19":2,"20":1,"21":1,"22":3,"23":1},"f":{"0":5,"1":1,"2":1,"3":2,"4":1},"b":{"0":[4,0],"1":[0,2],"2":[1,1]},"inputSourceMap":null,"_coverageSchema":"1a1c01bbd47fc00a2c39e90264f33305004495a9","hash":"9ddeaf793778459099b179e2097acabcf4ae0be0"}
,"/home/zishan/assessment/apps/api/src/services/upload.service.js": {"path":"/home/zishan/assessment/apps/api/src/services/upload.service.js","statementMap":{"0":{"start":{"line":5,"column":34},"end":{"line":19,"column":1}},"1":{"start":{"line":6,"column":2},"end":{"line":18,"column":5}},"2":{"start":{"line":7,"column":25},"end":{"line":16,"column":5}},"3":{"start":{"line":13,"column":8},"end":{"line":13,"column":40}},"4":{"start":{"line":13,"column":19},"end":{"line":13,"column":40}},"5":{"start":{"line":14,"column":8},"end":{"line":14,"column":24}},"6":{"start":{"line":17,"column":4},"end":{"line":17,"column":29}},"7":{"start":{"line":21,"column":32},"end":{"line":32,"column":1}},"8":{"start":{"line":22,"column":17},"end":{"line":24,"column":4}},"9":{"start":{"line":26,"column":2},"end":{"line":29,"column":5}},"10":{"start":{"line":31,"column":2},"end":{"line":31,"column":27}},"11":{"start":{"line":34,"column":36},"end":{"line":55,"column":1}},"12":{"start":{"line":36,"column":21},"end":{"line":40,"column":4}},"13":{"start":{"line":42,"column":2},"end":{"line":42,"column":72}},"14":{"start":{"line":42,"column":19},"end":{"line":42,"column":72}},"15":{"start":{"line":43,"column":2},"end":{"line":43,"column":97}},"16":{"start":{"line":43,"column":35},"end":{"line":43,"column":97}},"17":{"start":{"line":45,"column":17},"end":{"line":47,"column":4}},"18":{"start":{"line":49,"column":2},"end":{"line":52,"column":5}},"19":{"start":{"line":54,"column":2},"end":{"line":54,"column":27}}},"fnMap":{"0":{"name":"(anonymous_0)","decl":{"start":{"line":5,"column":34},"end":{"line":5,"column":35}},"loc":{"start":{"line":5,"column":76},"end":{"line":19,"column":1}},"line":5},"1":{"name":"(anonymous_1)","decl":{"start":{"line":6,"column":21},"end":{"line":6,"column":22}},"loc":{"start":{"line":6,"column":42},"end":{"line":18,"column":3}},"line":6},"2":{"name":"(anonymous_2)","decl":{"start":{"line":12,"column":6},"end":{"line":12,"column":7}},"loc":{"start":{"line":12,"column":25},"end":{"line":15,"column":7}},"line":12},"3":{"name":"(anonymous_3)","decl":{"start":{"line":21,"column":32},"end":{"line":21,"column":33}},"loc":{"start":{"line":21,"column":58},"end":{"line":32,"column":1}},"line":21},"4":{"name":"(anonymous_4)","decl":{"start":{"line":34,"column":36},"end":{"line":34,"column":37}},"loc":{"start":{"line":34,"column":75},"end":{"line":55,"column":1}},"line":34}},"branchMap":{"0":{"loc":{"start":{"line":5,"column":51},"end":{"line":5,"column":71}},"type":"default-arg","locations":[{"start":{"line":5,"column":69},"end":{"line":5,"column":71}}],"line":5},"1":{"loc":{"start":{"line":13,"column":8},"end":{"line":13,"column":40}},"type":"if","locations":[{"start":{"line":13,"column":8},"end":{"line":13,"column":40}},{"start":{},"end":{}}],"line":13},"2":{"loc":{"start":{"line":42,"column":2},"end":{"line":42,"column":72}},"type":"if","locations":[{"start":{"line":42,"column":2},"end":{"line":42,"column":72}},{"start":{},"end":{}}],"line":42},"3":{"loc":{"start":{"line":43,"column":2},"end":{"line":43,"column":97}},"type":"if","locations":[{"start":{"line":43,"column":2},"end":{"line":43,"column":97}},{"start":{},"end":{}}],"line":43}},"s":{"0":1,"1":2,"2":2,"3":2,"4":1,"5":1,"6":2,"7":1,"8":0,"9":0,"10":0,"11":1,"12":0,"13":0,"14":0,"15":0,"16":0,"17":0,"18":0,"19":0},"f":{"0":2,"1":2,"2":2,"3":0,"4":0},"b":{"0":[2],"1":[1,1],"2":[0,0],"3":[0,0]},"inputSourceMap":null,"_coverageSchema":"1a1c01bbd47fc00a2c39e90264f33305004495a9","hash":"0c5ae577ac84f8548e781cd12bdb679bdba56613"}
,"/home/zishan/assessment/apps/api/src/services/workspace.service.js": {"path":"/home/zishan/assessment/apps/api/src/services/workspace.service.js","statementMap":{"0":{"start":{"line":5,"column":20},"end":{"line":12,"column":1}},"1":{"start":{"line":6,"column":17},"end":{"line":8,"column":4}},"2":{"start":{"line":9,"column":2},"end":{"line":11,"column":3}},"3":{"start":{"line":10,"column":4},"end":{"line":10,"column":87}},"4":{"start":{"line":14,"column":31},"end":{"line":31,"column":1}},"5":{"start":{"line":15,"column":20},"end":{"line":23,"column":4}},"6":{"start":{"line":25,"column":2},"end":{"line":28,"column":5}},"7":{"start":{"line":30,"column":2},"end":{"line":30,"column":19}},"8":{"start":{"line":33,"column":34},"end":{"line":45,"column":1}},"9":{"start":{"line":34,"column":2},"end":{"line":44,"column":5}},"10":{"start":{"line":47,"column":32},"end":{"line":60,"column":1}},"11":{"start":{"line":48,"column":20},"end":{"line":57,"column":4}},"12":{"start":{"line":58,"column":2},"end":{"line":58,"column":60}},"13":{"start":{"line":58,"column":18},"end":{"line":58,"column":60}},"14":{"start":{"line":59,"column":2},"end":{"line":59,"column":19}},"15":{"start":{"line":62,"column":31},"end":{"line":81,"column":1}},"16":{"start":{"line":63,"column":2},"end":{"line":63,"column":41}},"17":{"start":{"line":65,"column":20},"end":{"line":73,"column":4}},"18":{"start":{"line":75,"column":2},"end":{"line":78,"column":5}},"19":{"start":{"line":80,"column":2},"end":{"line":80,"column":19}},"20":{"start":{"line":83,"column":31},"end":{"line":92,"column":1}},"21":{"start":{"line":84,"column":2},"end":{"line":84,"column":41}},"22":{"start":{"line":86,"column":2},"end":{"line":89,"column":5}},"23":{"start":{"line":91,"column":2},"end":{"line":91,"column":64}},"24":{"start":{"line":94,"column":28},"end":{"line":131,"column":1}},"25":{"start":{"line":95,"column":2},"end":{"line":95,"column":44}},"26":{"start":{"line":97,"column":18},"end":{"line":97,"column":80}},"27":{"start":{"line":98,"column":2},"end":{"line":98,"column":69}},"28":{"start":{"line":98,"column":16},"end":{"line":98,"column":69}},"29":{"start":{"line":100,"column":2},"end":{"line":130,"column":3}},"30":{"start":{"line":101,"column":23},"end":{"line":117,"column":6}},"31":{"start":{"line":102,"column":16},"end":{"line":105,"column":8}},"32":{"start":{"line":107,"column":6},"end":{"line":114,"column":9}},"33":{"start":{"line":116,"column":6},"end":{"line":116,"column":15}},"34":{"start":{"line":119,"column":4},"end":{"line":122,"column":7}},"35":{"start":{"line":124,"column":4},"end":{"line":124,"column":22}},"36":{"start":{"line":126,"column":4},"end":{"line":128,"column":5}},"37":{"start":{"line":127,"column":6},"end":{"line":127,"column":71}},"38":{"start":{"line":129,"column":4},"end":{"line":129,"column":14}},"39":{"start":{"line":133,"column":32},"end":{"line":148,"column":1}},"40":{"start":{"line":134,"column":2},"end":{"line":134,"column":42}},"41":{"start":{"line":136,"column":21},"end":{"line":140,"column":4}},"42":{"start":{"line":142,"column":2},"end":{"line":145,"column":5}},"43":{"start":{"line":147,"column":2},"end":{"line":147,"column":20}},"44":{"start":{"line":150,"column":28},"end":{"line":159,"column":1}},"45":{"start":{"line":151,"column":2},"end":{"line":151,"column":42}},"46":{"start":{"line":153,"column":2},"end":{"line":153,"column":80}},"47":{"start":{"line":155,"column":2},"end":{"line":158,"column":5}}},"fnMap":{"0":{"name":"(anonymous_0)","decl":{"start":{"line":5,"column":20},"end":{"line":5,"column":21}},"loc":{"start":{"line":5,"column":51},"end":{"line":12,"column":1}},"line":5},"1":{"name":"(anonymous_1)","decl":{"start":{"line":14,"column":31},"end":{"line":14,"column":32}},"loc":{"start":{"line":14,"column":55},"end":{"line":31,"column":1}},"line":14},"2":{"name":"(anonymous_2)","decl":{"start":{"line":33,"column":34},"end":{"line":33,"column":35}},"loc":{"start":{"line":33,"column":52},"end":{"line":45,"column":1}},"line":33},"3":{"name":"(anonymous_3)","decl":{"start":{"line":47,"column":32},"end":{"line":47,"column":33}},"loc":{"start":{"line":47,"column":55},"end":{"line":60,"column":1}},"line":47},"4":{"name":"(anonymous_4)","decl":{"start":{"line":62,"column":31},"end":{"line":62,"column":32}},"loc":{"start":{"line":62,"column":68},"end":{"line":81,"column":1}},"line":62},"5":{"name":"(anonymous_5)","decl":{"start":{"line":83,"column":31},"end":{"line":83,"column":32}},"loc":{"start":{"line":83,"column":62},"end":{"line":92,"column":1}},"line":83},"6":{"name":"(anonymous_6)","decl":{"start":{"line":94,"column":28},"end":{"line":94,"column":29}},"loc":{"start":{"line":94,"column":68},"end":{"line":131,"column":1}},"line":94},"7":{"name":"(anonymous_7)","decl":{"start":{"line":101,"column":49},"end":{"line":101,"column":50}},"loc":{"start":{"line":101,"column":63},"end":{"line":117,"column":5}},"line":101},"8":{"name":"(anonymous_8)","decl":{"start":{"line":133,"column":32},"end":{"line":133,"column":33}},"loc":{"start":{"line":133,"column":80},"end":{"line":148,"column":1}},"line":133},"9":{"name":"(anonymous_9)","decl":{"start":{"line":150,"column":28},"end":{"line":150,"column":29}},"loc":{"start":{"line":150,"column":70},"end":{"line":159,"column":1}},"line":150}},"branchMap":{"0":{"loc":{"start":{"line":9,"column":2},"end":{"line":11,"column":3}},"type":"if","locations":[{"start":{"line":9,"column":2},"end":{"line":11,"column":3}},{"start":{},"end":{}}],"line":9},"1":{"loc":{"start":{"line":9,"column":6},"end":{"line":9,"column":40}},"type":"binary-expr","locations":[{"start":{"line":9,"column":6},"end":{"line":9,"column":13}},{"start":{"line":9,"column":17},"end":{"line":9,"column":40}}],"line":9},"2":{"loc":{"start":{"line":19,"column":19},"end":{"line":19,"column":48}},"type":"binary-expr","locations":[{"start":{"line":19,"column":19},"end":{"line":19,"column":35}},{"start":{"line":19,"column":39},"end":{"line":19,"column":48}}],"line":19},"3":{"loc":{"start":{"line":58,"column":2},"end":{"line":58,"column":60}},"type":"if","locations":[{"start":{"line":58,"column":2},"end":{"line":58,"column":60}},{"start":{},"end":{}}],"line":58},"4":{"loc":{"start":{"line":98,"column":2},"end":{"line":98,"column":69}},"type":"if","locations":[{"start":{"line":98,"column":2},"end":{"line":98,"column":69}},{"start":{},"end":{}}],"line":98},"5":{"loc":{"start":{"line":103,"column":55},"end":{"line":103,"column":76}},"type":"binary-expr","locations":[{"start":{"line":103,"column":55},"end":{"line":103,"column":64}},{"start":{"line":103,"column":68},"end":{"line":103,"column":76}}],"line":103},"6":{"loc":{"start":{"line":126,"column":4},"end":{"line":128,"column":5}},"type":"if","locations":[{"start":{"line":126,"column":4},"end":{"line":128,"column":5}},{"start":{},"end":{}}],"line":126}},"s":{"0":1,"1":10,"2":10,"3":2,"4":1,"5":15,"6":15,"7":15,"8":1,"9":1,"10":1,"11":2,"12":2,"13":1,"14":1,"15":1,"16":3,"17":1,"18":1,"19":1,"20":1,"21":1,"22":1,"23":1,"24":1,"25":4,"26":4,"27":4,"28":1,"29":3,"30":3,"31":2,"32":1,"33":1,"34":1,"35":1,"36":2,"37":1,"38":1,"39":1,"40":1,"41":1,"42":1,"43":1,"44":1,"45":1,"46":1,"47":1},"f":{"0":10,"1":15,"2":1,"3":2,"4":3,"5":1,"6":4,"7":2,"8":1,"9":1},"b":{"0":[2,8],"1":[10,9],"2":[15,15],"3":[1,1],"4":[1,3],"5":[2,1],"6":[1,1]},"inputSourceMap":null,"_coverageSchema":"1a1c01bbd47fc00a2c39e90264f33305004495a9","hash":"dc81a6fad2b937ced0a753ba0509859bb047feff"}
}
