TN:
SF:src/controllers/actionItem.controller.js
FN:5,(anonymous_0)
FN:11,(anonymous_1)
FN:16,(anonymous_2)
FN:21,(anonymous_3)
FN:27,(anonymous_4)
FNF:5
FNH:0
FNDA:0,(anonymous_0)
FNDA:0,(anonymous_1)
FNDA:0,(anonymous_2)
FNDA:0,(anonymous_3)
FNDA:0,(anonymous_4)
DA:5,0
DA:6,0
DA:7,0
DA:8,0
DA:11,0
DA:12,0
DA:13,0
DA:16,0
DA:17,0
DA:18,0
DA:21,0
DA:22,0
DA:23,0
DA:24,0
DA:27,0
DA:28,0
DA:29,0
DA:30,0
LF:18
LH:0
BRF:0
BRH:0
end_of_record
TN:
SF:src/controllers/analytics.controller.js
FN:4,(anonymous_0)
FN:9,(anonymous_1)
FN:23,(anonymous_2)
FN:26,(anonymous_3)
FN:34,(anonymous_4)
FN:36,(anonymous_5)
FN:43,(anonymous_6)
FN:49,(anonymous_7)
FNF:8
FNH:0
FNDA:0,(anonymous_0)
FNDA:0,(anonymous_1)
FNDA:0,(anonymous_2)
FNDA:0,(anonymous_3)
FNDA:0,(anonymous_4)
FNDA:0,(anonymous_5)
FNDA:0,(anonymous_6)
FNDA:0,(anonymous_7)
DA:4,0
DA:5,0
DA:6,0
DA:9,0
DA:10,0
DA:16,0
DA:23,0
DA:24,0
DA:26,0
DA:27,0
DA:28,0
DA:29,0
DA:32,0
DA:33,0
DA:34,0
DA:35,0
DA:36,0
DA:38,0
DA:41,0
DA:42,0
DA:43,0
DA:44,0
DA:47,0
DA:48,0
DA:49,0
DA:50,0
DA:53,0
DA:54,0
DA:55,0
LF:29
LH:0
BRDA:27,0,0,0
BRDA:27,0,1,0
BRDA:27,1,0,0
BRDA:27,1,1,0
BRDA:29,2,0,0
BRDA:29,2,1,0
BRDA:35,3,0,0
BRDA:35,3,1,0
BRDA:38,4,0,0
BRDA:38,4,1,0
BRDA:44,5,0,0
BRDA:44,5,1,0
BRDA:44,6,0,0
BRDA:44,6,1,0
BRDA:44,7,0,0
BRDA:44,7,1,0
BRF:16
BRH:0
end_of_record
TN:
SF:src/controllers/announcement.controller.js
FN:5,(anonymous_0)
FN:11,(anonymous_1)
FN:16,(anonymous_2)
FN:21,(anonymous_3)
FN:27,(anonymous_4)
FN:33,(anonymous_5)
FN:39,(anonymous_6)
FNF:7
FNH:0
FNDA:0,(anonymous_0)
FNDA:0,(anonymous_1)
FNDA:0,(anonymous_2)
FNDA:0,(anonymous_3)
FNDA:0,(anonymous_4)
FNDA:0,(anonymous_5)
FNDA:0,(anonymous_6)
DA:5,0
DA:6,0
DA:7,0
DA:8,0
DA:11,0
DA:12,0
DA:13,0
DA:16,0
DA:17,0
DA:18,0
DA:21,0
DA:22,0
DA:23,0
DA:24,0
DA:27,0
DA:28,0
DA:29,0
DA:30,0
DA:33,0
DA:34,0
DA:35,0
DA:36,0
DA:39,0
DA:40,0
DA:41,0
DA:42,0
LF:26
LH:0
BRF:0
BRH:0
end_of_record
TN:
SF:src/controllers/audit.controller.js
FN:4,(anonymous_0)
FN:9,(anonymous_1)
FNF:2
FNH:0
FNDA:0,(anonymous_0)
FNDA:0,(anonymous_1)
DA:4,0
DA:5,0
DA:6,0
DA:9,0
DA:10,0
DA:11,0
DA:12,0
DA:13,0
LF:8
LH:0
BRF:0
BRH:0
end_of_record
TN:
SF:src/controllers/auth.controller.js
FN:24,(anonymous_0)
FN:29,(anonymous_1)
FN:37,(anonymous_2)
FN:45,(anonymous_3)
FN:62,(anonymous_4)
FN:69,(anonymous_5)
FNF:6
FNH:0
FNDA:0,(anonymous_0)
FNDA:0,(anonymous_1)
FNDA:0,(anonymous_2)
FNDA:0,(anonymous_3)
FNDA:0,(anonymous_4)
FNDA:0,(anonymous_5)
DA:5,0
DA:6,0
DA:8,0
DA:16,0
DA:24,0
DA:25,0
DA:26,0
DA:29,0
DA:30,0
DA:31,0
DA:32,0
DA:33,0
DA:34,0
DA:37,0
DA:38,0
DA:39,0
DA:40,0
DA:41,0
DA:42,0
DA:45,0
DA:46,0
DA:47,0
DA:48,0
DA:49,0
DA:50,0
DA:51,0
DA:52,0
DA:54,0
DA:55,0
DA:56,0
DA:58,0
DA:62,0
DA:63,0
DA:64,0
DA:65,0
DA:66,0
DA:69,0
DA:70,0
DA:71,0
LF:39
LH:0
BRDA:6,0,0,0
BRDA:6,0,1,0
BRDA:54,1,0,0
BRDA:54,1,1,0
BRDA:54,2,0,0
BRDA:54,2,1,0
BRF:6
BRH:0
end_of_record
TN:
SF:src/controllers/goal.controller.js
FN:5,(anonymous_0)
FN:11,(anonymous_1)
FN:16,(anonymous_2)
FN:21,(anonymous_3)
FN:27,(anonymous_4)
FN:33,(anonymous_5)
FN:39,(anonymous_6)
FN:45,(anonymous_7)
FN:51,(anonymous_8)
FNF:9
FNH:0
FNDA:0,(anonymous_0)
FNDA:0,(anonymous_1)
FNDA:0,(anonymous_2)
FNDA:0,(anonymous_3)
FNDA:0,(anonymous_4)
FNDA:0,(anonymous_5)
FNDA:0,(anonymous_6)
FNDA:0,(anonymous_7)
FNDA:0,(anonymous_8)
DA:5,0
DA:6,0
DA:7,0
DA:8,0
DA:11,0
DA:12,0
DA:13,0
DA:16,0
DA:17,0
DA:18,0
DA:21,0
DA:22,0
DA:23,0
DA:24,0
DA:27,0
DA:28,0
DA:29,0
DA:30,0
DA:33,0
DA:34,0
DA:35,0
DA:36,0
DA:39,0
DA:40,0
DA:41,0
DA:42,0
DA:45,0
DA:46,0
DA:47,0
DA:48,0
DA:51,0
DA:52,0
DA:53,0
DA:54,0
LF:34
LH:0
BRF:0
BRH:0
end_of_record
TN:
SF:src/controllers/notification.controller.js
FN:4,(anonymous_0)
FN:9,(anonymous_1)
FN:14,(anonymous_2)
FNF:3
FNH:0
FNDA:0,(anonymous_0)
FNDA:0,(anonymous_1)
FNDA:0,(anonymous_2)
DA:4,0
DA:5,0
DA:6,0
DA:9,0
DA:10,0
DA:11,0
DA:14,0
DA:15,0
DA:16,0
LF:9
LH:0
BRF:0
BRH:0
end_of_record
TN:
SF:src/controllers/upload.controller.js
FN:5,(anonymous_0)
FN:11,(anonymous_1)
FNF:2
FNH:0
FNDA:0,(anonymous_0)
FNDA:0,(anonymous_1)
DA:5,0
DA:6,0
DA:7,0
DA:8,0
DA:11,0
DA:12,0
DA:13,0
DA:14,0
DA:15,0
LF:9
LH:0
BRDA:6,0,0,0
BRDA:6,0,1,0
BRDA:13,1,0,0
BRDA:13,1,1,0
BRF:4
BRH:0
end_of_record
TN:
SF:src/controllers/workspace.controller.js
FN:4,(anonymous_0)
FN:9,(anonymous_1)
FN:14,(anonymous_2)
FN:19,(anonymous_3)
FN:24,(anonymous_4)
FN:29,(anonymous_5)
FN:34,(anonymous_6)
FN:39,(anonymous_7)
FNF:8
FNH:0
FNDA:0,(anonymous_0)
FNDA:0,(anonymous_1)
FNDA:0,(anonymous_2)
FNDA:0,(anonymous_3)
FNDA:0,(anonymous_4)
FNDA:0,(anonymous_5)
FNDA:0,(anonymous_6)
FNDA:0,(anonymous_7)
DA:4,0
DA:5,0
DA:6,0
DA:9,0
DA:10,0
DA:11,0
DA:14,0
DA:15,0
DA:16,0
DA:19,0
DA:20,0
DA:21,0
DA:24,0
DA:25,0
DA:26,0
DA:29,0
DA:30,0
DA:31,0
DA:34,0
DA:35,0
DA:36,0
DA:39,0
DA:40,0
DA:41,0
LF:24
LH:0
BRF:0
BRH:0
end_of_record
TN:
SF:src/routes/actionItem.routes.js
FNF:0
FNH:0
DA:8,0
DA:10,0
DA:12,0
DA:13,0
DA:14,0
DA:15,0
DA:16,0
LF:7
LH:0
BRF:0
BRH:0
end_of_record
TN:
SF:src/routes/analytics.routes.js
FNF:0
FNH:0
DA:6,0
DA:8,0
DA:10,0
DA:11,0
DA:12,0
LF:5
LH:0
BRF:0
BRH:0
end_of_record
TN:
SF:src/routes/announcement.routes.js
FNF:0
FNH:0
DA:11,0
DA:13,0
DA:15,0
DA:16,0
DA:17,0
DA:18,0
DA:19,0
DA:21,0
DA:22,0
LF:9
LH:0
BRF:0
BRH:0
end_of_record
TN:
SF:src/routes/audit.routes.js
FNF:0
FNH:0
DA:6,0
DA:8,0
DA:10,0
DA:11,0
LF:4
LH:0
BRF:0
BRH:0
end_of_record
TN:
SF:src/routes/auth.routes.js
FNF:0
FNH:0
DA:8,0
DA:10,0
DA:11,0
DA:12,0
DA:13,0
DA:14,0
LF:6
LH:0
BRF:0
BRH:0
end_of_record
TN:
SF:src/routes/goal.routes.js
FNF:0
FNH:0
DA:12,0
DA:14,0
DA:16,0
DA:17,0
DA:18,0
DA:19,0
DA:20,0
DA:22,0
DA:23,0
DA:24,0
DA:26,0
LF:11
LH:0
BRF:0
BRH:0
end_of_record
TN:
SF:src/routes/notification.routes.js
FNF:0
FNH:0
DA:5,0
DA:7,0
DA:9,0
DA:10,0
DA:11,0
LF:5
LH:0
BRF:0
BRH:0
end_of_record
TN:
SF:src/routes/upload.routes.js
FN:14,(anonymous_0)
FN:23,(anonymous_1)
FNF:2
FNH:0
FNDA:0,(anonymous_0)
FNDA:0,(anonymous_1)
DA:7,0
DA:9,0
DA:15,0
DA:16,0
DA:18,0
DA:23,0
DA:24,0
DA:26,0
DA:27,0
DA:28,0
DA:32,0
DA:33,0
DA:34,0
DA:35,0
DA:36,0
DA:38,0
DA:39,0
DA:41,0
DA:45,0
DA:47,0
DA:48,0
LF:21
LH:0
BRDA:15,0,0,0
BRDA:15,0,1,0
BRDA:24,1,0,0
BRDA:24,1,1,0
BRDA:27,2,0,0
BRDA:27,2,1,0
BRDA:27,3,0,0
BRDA:27,3,1,0
BRDA:38,4,0,0
BRDA:38,4,1,0
BRDA:38,5,0,0
BRDA:38,5,1,0
BRDA:38,5,2,0
BRDA:38,5,3,0
BRF:14
BRH:0
end_of_record
TN:
SF:src/routes/workspace.routes.js
FNF:0
FNH:0
DA:13,0
DA:15,0
DA:17,0
DA:18,0
DA:20,0
DA:21,0
DA:22,0
DA:24,0
DA:25,0
DA:26,0
LF:10
LH:0
BRF:0
BRH:0
end_of_record
TN:
SF:src/services/actionItem.service.js
FN:5,(anonymous_0)
FN:31,(anonymous_1)
FN:52,(anonymous_2)
FN:64,(anonymous_3)
FN:90,(anonymous_4)
FNF:5
FNH:5
FNDA:11,(anonymous_0)
FNDA:4,(anonymous_1)
FNDA:2,(anonymous_2)
FNDA:2,(anonymous_3)
FNDA:1,(anonymous_4)
DA:5,1
DA:6,11
DA:23,11
DA:28,11
DA:31,1
DA:32,4
DA:34,4
DA:35,4
DA:36,4
DA:37,4
DA:38,4
DA:40,4
DA:42,4
DA:52,1
DA:53,2
DA:60,2
DA:61,1
DA:64,1
DA:65,2
DA:82,2
DA:87,2
DA:90,1
DA:91,1
DA:93,1
LF:24
LH:24
BRDA:10,0,0,11
BRDA:10,0,1,9
BRDA:11,1,0,11
BRDA:11,1,1,8
BRDA:12,2,0,4
BRDA:12,2,1,7
BRDA:31,3,0,0
BRDA:32,4,0,2
BRDA:35,5,0,1
BRDA:35,5,1,3
BRDA:36,6,0,0
BRDA:36,6,1,4
BRDA:37,7,0,1
BRDA:37,7,1,3
BRDA:38,8,0,0
BRDA:38,8,1,4
BRDA:48,9,0,4
BRDA:48,9,1,1
BRDA:60,10,0,1
BRDA:60,10,1,1
BRDA:72,11,0,1
BRDA:72,11,1,1
BRF:22
BRH:19
end_of_record
TN:
SF:src/services/analytics.service.js
FN:6,(anonymous_0)
FN:59,(anonymous_1)
FN:85,(anonymous_2)
FN:110,(anonymous_3)
FN:117,(anonymous_4)
FN:126,(anonymous_5)
FN:133,(anonymous_6)
FN:142,(anonymous_7)
FNF:8
FNH:8
FNDA:2,(anonymous_0)
FNDA:1,(anonymous_1)
FNDA:1,(anonymous_2)
FNDA:1,(anonymous_3)
FNDA:1,(anonymous_4)
FNDA:1,(anonymous_5)
FNDA:1,(anonymous_6)
FNDA:1,(anonymous_7)
DA:6,1
DA:7,2
DA:8,2
DA:9,2
DA:10,2
DA:19,2
DA:45,2
DA:59,1
DA:60,1
DA:61,1
DA:62,1
DA:63,1
DA:65,1
DA:76,1
DA:77,1
DA:78,6
DA:79,6
DA:80,6
DA:81,6
DA:85,1
DA:86,1
DA:87,1
DA:88,1
DA:93,1
DA:94,1
DA:95,6
DA:96,6
DA:97,6
DA:98,6
DA:104,1
DA:110,1
DA:111,1
DA:117,1
DA:126,1
DA:127,1
DA:133,1
DA:142,1
DA:143,1
DA:158,1
LF:39
LH:39
BRDA:52,0,0,1
BRDA:52,0,1,1
BRDA:87,1,0,1
BRDA:87,1,1,0
BRF:4
BRH:3
end_of_record
TN:
SF:src/services/announcement.service.js
FN:8,(anonymous_0)
FN:17,(anonymous_1)
FN:60,(anonymous_2)
FN:71,(anonymous_3)
FN:89,(anonymous_4)
FN:108,(anonymous_5)
FN:117,(anonymous_6)
FN:157,(anonymous_7)
FN:161,(anonymous_8)
FNF:9
FNH:8
FNDA:10,(anonymous_0)
FNDA:9,(anonymous_1)
FNDA:1,(anonymous_2)
FNDA:0,(anonymous_3)
FNDA:1,(anonymous_4)
FNDA:1,(anonymous_5)
FNDA:2,(anonymous_6)
FNDA:3,(anonymous_7)
FNDA:2,(anonymous_8)
DA:8,10
DA:17,1
DA:18,9
DA:29,9
DA:35,9
DA:36,9
DA:37,1
DA:45,1
DA:46,0
DA:47,0
DA:57,9
DA:60,1
DA:61,1
DA:71,1
DA:72,0
DA:85,0
DA:86,0
DA:89,1
DA:90,1
DA:100,1
DA:105,1
DA:108,1
DA:109,1
DA:111,1
DA:117,1
DA:118,2
DA:119,2
DA:121,1
DA:126,1
DA:132,1
DA:133,1
DA:134,1
DA:142,1
DA:143,1
DA:144,1
DA:154,1
DA:157,1
DA:158,3
DA:159,3
DA:161,2
DA:162,2
DA:166,2
DA:167,1
DA:168,1
DA:171,1
DA:176,1
DA:179,2
DA:188,2
LF:48
LH:43
BRDA:22,0,0,9
BRDA:22,0,1,8
BRDA:36,1,0,1
BRDA:36,1,1,8
BRDA:46,2,0,0
BRDA:46,2,1,0
BRDA:85,3,0,0
BRDA:85,3,1,0
BRDA:94,4,0,0
BRDA:94,4,1,1
BRDA:119,5,0,1
BRDA:119,5,1,1
BRDA:133,6,0,1
BRDA:133,6,1,0
BRDA:143,7,0,0
BRDA:143,7,1,1
BRDA:159,8,0,1
BRDA:159,8,1,2
BRDA:166,9,0,1
BRDA:166,9,1,1
BRDA:180,10,0,1
BRDA:180,10,1,1
BRF:22
BRH:15
end_of_record
TN:
SF:src/services/audit.service.js
FN:3,createAuditLog
FN:9,listAuditLogs
FN:40,exportAuditLogsCsv
FN:56,(anonymous_3)
FN:63,(anonymous_4)
FNF:5
FNH:1
FNDA:75,createAuditLog
FNDA:0,listAuditLogs
FNDA:0,exportAuditLogsCsv
FNDA:0,(anonymous_3)
FNDA:0,(anonymous_4)
DA:4,75
DA:10,0
DA:11,0
DA:13,0
DA:14,0
DA:15,0
DA:17,0
DA:32,0
DA:41,0
DA:42,0
DA:43,0
DA:44,0
DA:46,0
DA:56,0
DA:57,0
DA:58,0
DA:59,0
DA:62,0
DA:63,0
DA:64,0
DA:65,0
DA:66,0
DA:69,0
LF:23
LH:1
BRDA:10,0,0,0
BRDA:10,1,0,0
BRDA:14,2,0,0
BRDA:14,2,1,0
BRDA:15,3,0,0
BRDA:15,3,1,0
BRDA:43,4,0,0
BRDA:43,4,1,0
BRDA:44,5,0,0
BRDA:44,5,1,0
BRDA:57,6,0,0
BRDA:57,6,1,0
BRDA:59,7,0,0
BRDA:59,7,1,0
BRDA:64,8,0,0
BRDA:64,8,1,0
BRDA:65,9,0,0
BRDA:65,9,1,0
BRF:18
BRH:0
end_of_record
TN:
SF:src/services/auth.service.js
FN:7,(anonymous_0)
FN:9,(anonymous_1)
FN:22,(anonymous_2)
FN:26,(anonymous_3)
FN:30,(anonymous_4)
FN:38,(anonymous_5)
FN:48,(anonymous_6)
FN:52,(anonymous_7)
FN:89,(anonymous_8)
FN:116,(anonymous_9)
FN:147,(anonymous_10)
FN:152,(anonymous_11)
FN:161,(anonymous_12)
FN:189,(anonymous_13)
FN:194,(anonymous_14)
FNF:15
FNH:13
FNDA:8,(anonymous_0)
FNDA:2,(anonymous_1)
FNDA:5,(anonymous_2)
FNDA:5,(anonymous_3)
FNDA:7,(anonymous_4)
FNDA:6,(anonymous_5)
FNDA:19,(anonymous_6)
FNDA:3,(anonymous_7)
FNDA:4,(anonymous_8)
FNDA:7,(anonymous_9)
FNDA:0,(anonymous_10)
FNDA:0,(anonymous_11)
FNDA:1,(anonymous_12)
FNDA:1,(anonymous_13)
FNDA:2,(anonymous_14)
DA:7,8
DA:9,1
DA:10,2
DA:11,2
DA:12,0
DA:14,2
DA:17,1
DA:18,1
DA:19,1
DA:20,1
DA:22,1
DA:23,5
DA:26,1
DA:27,5
DA:30,1
DA:31,7
DA:38,1
DA:39,6
DA:40,6
DA:45,6
DA:48,1
DA:49,19
DA:52,1
DA:53,3
DA:54,3
DA:55,3
DA:57,2
DA:59,2
DA:60,2
DA:64,0
DA:65,0
DA:67,0
DA:70,2
DA:71,2
DA:72,2
DA:73,2
DA:75,2
DA:79,2
DA:81,2
DA:89,1
DA:90,4
DA:91,4
DA:92,4
DA:94,3
DA:95,3
DA:97,2
DA:98,2
DA:99,2
DA:100,2
DA:102,2
DA:106,2
DA:108,2
DA:116,1
DA:117,7
DA:119,7
DA:120,7
DA:125,7
DA:126,1
DA:129,6
DA:130,1
DA:131,1
DA:134,5
DA:135,1
DA:136,1
DA:140,4
DA:141,4
DA:147,2
DA:148,2
DA:151,2
DA:152,1
DA:153,1
DA:156,1
DA:157,1
DA:158,1
DA:159,1
DA:161,1
DA:162,1
DA:167,1
DA:168,0
DA:169,0
DA:172,1
DA:181,1
DA:189,1
DA:190,1
DA:191,1
DA:194,1
DA:195,2
DA:199,2
DA:200,1
LF:89
LH:83
BRDA:11,0,0,0
BRDA:11,0,1,2
BRDA:11,1,0,2
BRDA:11,1,1,2
BRDA:19,2,0,1
BRDA:19,2,1,0
BRDA:20,3,0,1
BRDA:20,3,1,0
BRDA:55,4,0,1
BRDA:55,4,1,2
BRDA:64,5,0,0
BRDA:64,5,1,0
BRDA:92,6,0,1
BRDA:92,6,1,3
BRDA:95,7,0,1
BRDA:95,7,1,2
BRDA:117,8,0,0
BRDA:117,8,1,7
BRDA:125,9,0,1
BRDA:125,9,1,6
BRDA:129,10,0,1
BRDA:129,10,1,5
BRDA:134,11,0,1
BRDA:134,11,1,4
BRDA:151,12,0,1
BRDA:151,12,1,1
BRDA:167,13,0,0
BRDA:167,13,1,1
BRDA:199,14,0,1
BRDA:199,14,1,1
BRF:30
BRH:23
end_of_record
TN:
SF:src/services/goal.service.js
FN:8,(anonymous_0)
FN:17,(anonymous_1)
FN:25,(anonymous_2)
FN:32,(anonymous_3)
FN:60,(anonymous_4)
FN:72,(anonymous_5)
FN:92,(anonymous_6)
FN:127,(anonymous_7)
FN:137,(anonymous_8)
FN:151,(anonymous_9)
FN:166,(anonymous_10)
FN:176,(anonymous_11)
FNF:12
FNH:12
FNDA:4,(anonymous_0)
FNDA:24,(anonymous_1)
FNDA:18,(anonymous_2)
FNDA:16,(anonymous_3)
FNDA:1,(anonymous_4)
FNDA:2,(anonymous_5)
FNDA:4,(anonymous_6)
FNDA:1,(anonymous_7)
FNDA:1,(anonymous_8)
FNDA:1,(anonymous_9)
FNDA:1,(anonymous_10)
FNDA:4,(anonymous_11)
DA:8,4
DA:17,1
DA:18,24
DA:21,24
DA:22,24
DA:25,1
DA:26,18
DA:27,18
DA:28,1
DA:32,1
DA:33,16
DA:34,15
DA:35,15
DA:36,1
DA:38,14
DA:52,14
DA:57,14
DA:60,1
DA:61,1
DA:72,1
DA:73,2
DA:88,2
DA:89,1
DA:92,1
DA:93,4
DA:96,4
DA:97,1
DA:100,3
DA:101,3
DA:102,1
DA:104,2
DA:119,2
DA:124,2
DA:127,1
DA:128,1
DA:129,1
DA:131,1
DA:137,1
DA:138,1
DA:139,1
DA:143,1
DA:148,1
DA:151,1
DA:152,1
DA:153,1
DA:158,1
DA:163,1
DA:166,1
DA:167,1
DA:168,1
DA:170,1
DA:176,1
DA:177,4
DA:178,4
DA:183,4
DA:189,4
DA:190,4
DA:191,4
DA:199,4
DA:200,3
DA:201,3
DA:211,4
LF:62
LH:62
BRDA:21,0,0,0
BRDA:21,0,1,24
BRDA:27,1,0,1
BRDA:27,1,1,17
BRDA:34,2,0,2
BRDA:34,2,1,13
BRDA:35,3,0,1
BRDA:35,3,1,14
BRDA:35,4,0,15
BRDA:35,4,1,2
BRDA:88,5,0,1
BRDA:88,5,1,1
BRDA:96,6,0,1
BRDA:96,6,1,3
BRDA:96,7,0,4
BRDA:96,7,1,2
BRDA:100,8,0,1
BRDA:100,8,1,2
BRDA:101,9,0,1
BRDA:101,9,1,2
BRDA:101,10,0,3
BRDA:101,10,1,1
BRDA:190,11,0,4
BRDA:190,11,1,0
BRDA:200,12,0,0
BRDA:200,12,1,3
BRF:26
BRH:23
end_of_record
TN:
SF:src/services/notification.service.js
FN:5,(anonymous_0)
FN:25,(anonymous_1)
FN:31,(anonymous_2)
FN:60,(anonymous_3)
FN:74,(anonymous_4)
FNF:5
FNH:5
FNDA:5,(anonymous_0)
FNDA:1,(anonymous_1)
FNDA:1,(anonymous_2)
FNDA:2,(anonymous_3)
FNDA:1,(anonymous_4)
DA:5,3
DA:6,5
DA:10,5
DA:11,5
DA:12,1
DA:15,4
DA:16,4
DA:18,0
DA:22,5
DA:25,3
DA:27,1
DA:31,1
DA:33,1
DA:57,1
DA:60,3
DA:61,2
DA:65,2
DA:66,2
DA:68,1
DA:74,3
DA:75,1
LF:21
LH:20
BRDA:15,0,0,4
BRDA:15,0,1,0
BRDA:65,1,0,0
BRDA:65,1,1,2
BRDA:66,2,0,1
BRDA:66,2,1,1
BRF:6
BRH:4
end_of_record
TN:
SF:src/services/upload.service.js
FN:5,(anonymous_0)
FN:6,(anonymous_1)
FN:12,(anonymous_2)
FN:21,(anonymous_3)
FN:34,(anonymous_4)
FNF:5
FNH:3
FNDA:2,(anonymous_0)
FNDA:2,(anonymous_1)
FNDA:2,(anonymous_2)
FNDA:0,(anonymous_3)
FNDA:0,(anonymous_4)
DA:5,1
DA:6,2
DA:7,2
DA:13,2
DA:14,1
DA:17,2
DA:21,1
DA:22,0
DA:26,0
DA:31,0
DA:34,1
DA:36,0
DA:42,0
DA:43,0
DA:45,0
DA:49,0
DA:54,0
LF:17
LH:8
BRDA:5,0,0,2
BRDA:13,1,0,1
BRDA:13,1,1,1
BRDA:42,2,0,0
BRDA:42,2,1,0
BRDA:43,3,0,0
BRDA:43,3,1,0
BRF:7
BRH:3
end_of_record
TN:
SF:src/services/workspace.service.js
FN:5,(anonymous_0)
FN:14,(anonymous_1)
FN:33,(anonymous_2)
FN:47,(anonymous_3)
FN:62,(anonymous_4)
FN:83,(anonymous_5)
FN:94,(anonymous_6)
FN:101,(anonymous_7)
FN:133,(anonymous_8)
FN:150,(anonymous_9)
FNF:10
FNH:10
FNDA:10,(anonymous_0)
FNDA:15,(anonymous_1)
FNDA:1,(anonymous_2)
FNDA:2,(anonymous_3)
FNDA:3,(anonymous_4)
FNDA:1,(anonymous_5)
FNDA:4,(anonymous_6)
FNDA:2,(anonymous_7)
FNDA:1,(anonymous_8)
FNDA:1,(anonymous_9)
DA:5,1
DA:6,10
DA:9,10
DA:10,2
DA:14,1
DA:15,15
DA:25,15
DA:30,15
DA:33,1
DA:34,1
DA:47,1
DA:48,2
DA:58,2
DA:59,1
DA:62,1
DA:63,3
DA:65,1
DA:75,1
DA:80,1
DA:83,1
DA:84,1
DA:86,1
DA:91,1
DA:94,1
DA:95,4
DA:97,4
DA:98,4
DA:100,3
DA:101,3
DA:102,2
DA:107,1
DA:116,1
DA:119,1
DA:124,1
DA:126,2
DA:127,1
DA:129,1
DA:133,1
DA:134,1
DA:136,1
DA:142,1
DA:147,1
DA:150,1
DA:151,1
DA:153,1
DA:155,1
LF:46
LH:46
BRDA:9,0,0,2
BRDA:9,0,1,8
BRDA:9,1,0,10
BRDA:9,1,1,9
BRDA:19,2,0,15
BRDA:19,2,1,15
BRDA:58,3,0,1
BRDA:58,3,1,1
BRDA:98,4,0,1
BRDA:98,4,1,3
BRDA:103,5,0,2
BRDA:103,5,1,1
BRDA:126,6,0,1
BRDA:126,6,1,1
BRF:14
BRH:14
end_of_record
